<?xml version="1.0" encoding="UTF-8"?>
<robot generator="Robot 6.0.2 (Python 3.10.10 on win32)" generated="20230412 11:36:54.761" rpa="false" schemaversion="3">
<suite id="s1" name="Testcases" source="D:\Robot Framework\Web\testcases">
<suite id="s1-s1" name="TC-1 Login Page" source="D:\Robot Framework\Web\testcases\TC-1_Login_Page.robot">
<test id="s1-s1-t1" name="Login page test" line="10">
<kw name="Open Browser And Maximize" library="CommonKeywords" type="SETUP">
<doc>Go to the URL and maximize the browser window.</doc>
<kw name="Open Browser" library="SeleniumLibrary">
<arg>${URL}</arg>
<arg>${Browser}</arg>
<doc>Opens a new browser instance to the optional ``url``.</doc>
<msg timestamp="20230412 11:36:55.035" level="INFO">Opening browser 'chrome' to base url 'https://www.saucedemo.com/'.</msg>
<status status="PASS" starttime="20230412 11:36:55.034" endtime="20230412 11:36:57.579"/>
</kw>
<kw name="Maximize Browser Window" library="SeleniumLibrary">
<doc>Maximizes current browser window.</doc>
<status status="PASS" starttime="20230412 11:36:57.579" endtime="20230412 11:36:57.702"/>
</kw>
<kw name="Sleep" library="BuiltIn">
<arg>2s</arg>
<doc>Pauses the test executed for the given time.</doc>
<msg timestamp="20230412 11:36:59.717" level="INFO">Slept 2 seconds</msg>
<status status="PASS" starttime="20230412 11:36:57.702" endtime="20230412 11:36:59.717"/>
</kw>
<status status="PASS" starttime="20230412 11:36:55.034" endtime="20230412 11:36:59.717"/>
</kw>
<kw name="Verify Page title" library="CommonKeywords">
<doc>Verify application opened with correct title.</doc>
<kw name="Sleep" library="BuiltIn">
<arg>2s</arg>
<doc>Pauses the test executed for the given time.</doc>
<msg timestamp="20230412 11:37:01.728" level="INFO">Slept 2 seconds</msg>
<status status="PASS" starttime="20230412 11:36:59.718" endtime="20230412 11:37:01.728"/>
</kw>
<kw name="Get Title" library="SeleniumLibrary">
<var>${page_title}</var>
<doc>Returns the title of the current page.</doc>
<msg timestamp="20230412 11:37:01.734" level="INFO">${page_title} = Swag Labs</msg>
<status status="PASS" starttime="20230412 11:37:01.728" endtime="20230412 11:37:01.735"/>
</kw>
<kw name="Should Be Equal" library="BuiltIn">
<arg>Swag Labs</arg>
<arg>${page_title}</arg>
<doc>Fails if the given objects are unequal.</doc>
<status status="PASS" starttime="20230412 11:37:01.735" endtime="20230412 11:37:01.735"/>
</kw>
<kw name="Log To Console" library="BuiltIn">
<arg>Application Title Verified.</arg>
<doc>Logs the given message to the console.</doc>
<status status="PASS" starttime="20230412 11:37:01.735" endtime="20230412 11:37:01.735"/>
</kw>
<status status="PASS" starttime="20230412 11:36:59.718" endtime="20230412 11:37:01.735"/>
</kw>
<kw name="Verify the web elements in login page" library="LoginPageKeywords">
<kw name="Verify elements is visible and displayed" library="CommonKeywords">
<arg>${Login page}[Swaglablogo]</arg>
<doc>Keyword to verify locator is enabled and visibled on a page.</doc>
<kw name="Wait Until Element Is Enabled" library="SeleniumLibrary">
<arg>${locator}</arg>
<arg>timeout=30</arg>
<doc>Waits until the element ``locator`` is enabled.</doc>
<status status="PASS" starttime="20230412 11:37:01.736" endtime="20230412 11:37:01.764"/>
</kw>
<kw name="Wait Until Element Is Visible" library="SeleniumLibrary">
<arg>${locator}</arg>
<arg>timeout=30</arg>
<doc>Waits until the element ``locator`` is visible.</doc>
<status status="PASS" starttime="20230412 11:37:01.764" endtime="20230412 11:37:01.778"/>
</kw>
<kw name="Page Should Contain Element" library="SeleniumLibrary">
<arg>${locator}</arg>
<doc>Verifies that element ``locator`` is found on the current page.</doc>
<msg timestamp="20230412 11:37:01.783" level="INFO">Current page contains element '//div[@class='login_logo']'.</msg>
<status status="PASS" starttime="20230412 11:37:01.778" endtime="20230412 11:37:01.783"/>
</kw>
<kw name="Wait Until Page Contains Element" library="SeleniumLibrary">
<arg>${locator}</arg>
<doc>Waits until the element ``locator`` appears on the current page.</doc>
<status status="PASS" starttime="20230412 11:37:01.783" endtime="20230412 11:37:01.788"/>
</kw>
<status status="PASS" starttime="20230412 11:37:01.736" endtime="20230412 11:37:01.788"/>
</kw>
<kw name="Verify elements is visible and displayed" library="CommonKeywords">
<arg>${Login page}[UserNamefield]</arg>
<doc>Keyword to verify locator is enabled and visibled on a page.</doc>
<kw name="Wait Until Element Is Enabled" library="SeleniumLibrary">
<arg>${locator}</arg>
<arg>timeout=30</arg>
<doc>Waits until the element ``locator`` is enabled.</doc>
<status status="PASS" starttime="20230412 11:37:01.788" endtime="20230412 11:37:01.808"/>
</kw>
<kw name="Wait Until Element Is Visible" library="SeleniumLibrary">
<arg>${locator}</arg>
<arg>timeout=30</arg>
<doc>Waits until the element ``locator`` is visible.</doc>
<status status="PASS" starttime="20230412 11:37:01.809" endtime="20230412 11:37:01.822"/>
</kw>
<kw name="Page Should Contain Element" library="SeleniumLibrary">
<arg>${locator}</arg>
<doc>Verifies that element ``locator`` is found on the current page.</doc>
<msg timestamp="20230412 11:37:01.827" level="INFO">Current page contains element '//input[@id='user-name']'.</msg>
<status status="PASS" starttime="20230412 11:37:01.822" endtime="20230412 11:37:01.827"/>
</kw>
<kw name="Wait Until Page Contains Element" library="SeleniumLibrary">
<arg>${locator}</arg>
<doc>Waits until the element ``locator`` appears on the current page.</doc>
<status status="PASS" starttime="20230412 11:37:01.827" endtime="20230412 11:37:01.832"/>
</kw>
<status status="PASS" starttime="20230412 11:37:01.788" endtime="20230412 11:37:01.832"/>
</kw>
<kw name="Verify elements is visible and displayed" library="CommonKeywords">
<arg>${Login page}[Passwordfield]</arg>
<doc>Keyword to verify locator is enabled and visibled on a page.</doc>
<kw name="Wait Until Element Is Enabled" library="SeleniumLibrary">
<arg>${locator}</arg>
<arg>timeout=30</arg>
<doc>Waits until the element ``locator`` is enabled.</doc>
<status status="PASS" starttime="20230412 11:37:01.832" endtime="20230412 11:37:01.850"/>
</kw>
<kw name="Wait Until Element Is Visible" library="SeleniumLibrary">
<arg>${locator}</arg>
<arg>timeout=30</arg>
<doc>Waits until the element ``locator`` is visible.</doc>
<status status="PASS" starttime="20230412 11:37:01.850" endtime="20230412 11:37:01.862"/>
</kw>
<kw name="Page Should Contain Element" library="SeleniumLibrary">
<arg>${locator}</arg>
<doc>Verifies that element ``locator`` is found on the current page.</doc>
<msg timestamp="20230412 11:37:01.866" level="INFO">Current page contains element '//input[@id='password']'.</msg>
<status status="PASS" starttime="20230412 11:37:01.862" endtime="20230412 11:37:01.867"/>
</kw>
<kw name="Wait Until Page Contains Element" library="SeleniumLibrary">
<arg>${locator}</arg>
<doc>Waits until the element ``locator`` appears on the current page.</doc>
<status status="PASS" starttime="20230412 11:37:01.867" endtime="20230412 11:37:01.872"/>
</kw>
<status status="PASS" starttime="20230412 11:37:01.832" endtime="20230412 11:37:01.872"/>
</kw>
<kw name="Page Should Contain Button" library="SeleniumLibrary">
<arg>${Login page}[LoginButton]</arg>
<doc>Verifies button ``locator`` is found from current page.</doc>
<msg timestamp="20230412 11:37:01.883" level="INFO">Current page contains input '//input[@id='login-button']'.</msg>
<status status="PASS" starttime="20230412 11:37:01.872" endtime="20230412 11:37:01.883"/>
</kw>
<kw name="Log To Console" library="BuiltIn">
<arg>Verified the elements in login page.</arg>
<doc>Logs the given message to the console.</doc>
<status status="PASS" starttime="20230412 11:37:01.883" endtime="20230412 11:37:01.883"/>
</kw>
<status status="PASS" starttime="20230412 11:37:01.736" endtime="20230412 11:37:01.883"/>
</kw>
<kw name="Enter login credentials and click on login button" library="LoginPageKeywords">
<kw name="Input Text" library="SeleniumLibrary">
<arg>${Login page}[UserNamefield]</arg>
<arg>${TestDatas}[Username]</arg>
<doc>Types the given ``text`` into the text field identified by ``locator``.</doc>
<msg timestamp="20230412 11:37:01.885" level="INFO">Typing text 'standard_user' into text field '//input[@id='user-name']'.</msg>
<status status="PASS" starttime="20230412 11:37:01.884" endtime="20230412 11:37:01.962"/>
</kw>
<kw name="Input Text" library="SeleniumLibrary">
<arg>${Login page}[Passwordfield]</arg>
<arg>${TestDatas}[Password]</arg>
<doc>Types the given ``text`` into the text field identified by ``locator``.</doc>
<msg timestamp="20230412 11:37:01.963" level="INFO">Typing text 'secret_sauce' into text field '//input[@id='password']'.</msg>
<status status="PASS" starttime="20230412 11:37:01.962" endtime="20230412 11:37:02.031"/>
</kw>
<kw name="Click Button" library="SeleniumLibrary">
<arg>${Login page}[LoginButton]</arg>
<doc>Clicks the button identified by ``locator``.</doc>
<msg timestamp="20230412 11:37:02.032" level="INFO">Clicking button '//input[@id='login-button']'.</msg>
<status status="PASS" starttime="20230412 11:37:02.031" endtime="20230412 11:37:02.112"/>
</kw>
<kw name="Log To Console" library="BuiltIn">
<arg>Entered the login credentials and clicked the login button.</arg>
<doc>Logs the given message to the console.</doc>
<status status="PASS" starttime="20230412 11:37:02.112" endtime="20230412 11:37:02.113"/>
</kw>
<status status="PASS" starttime="20230412 11:37:01.884" endtime="20230412 11:37:02.113"/>
</kw>
<kw name="Close Browser Window" library="CommonKeywords" type="TEARDOWN">
<kw name="Close Browser" library="SeleniumLibrary">
<doc>Closes the current browser.</doc>
<status status="PASS" starttime="20230412 11:37:02.114" endtime="20230412 11:37:04.697"/>
</kw>
<kw name="Log To Console" library="BuiltIn">
<arg>Test Completed</arg>
<doc>Logs the given message to the console.</doc>
<status status="PASS" starttime="20230412 11:37:04.697" endtime="20230412 11:37:04.698"/>
</kw>
<status status="PASS" starttime="20230412 11:37:02.113" endtime="20230412 11:37:04.698"/>
</kw>
<status status="PASS" starttime="20230412 11:36:55.034" endtime="20230412 11:37:04.699"/>
</test>
<status status="PASS" starttime="20230412 11:36:54.791" endtime="20230412 11:37:04.702"/>
</suite>
<suite id="s1-s2" name="TC-2 Verify Home Page Elements" source="D:\Robot Framework\Web\testcases\TC-2_Verify_Home_Page_Elements.robot">
<test id="s1-s2-t1" name="Verify the elements in the home page." line="12">
<kw name="Open Browser And Maximize" library="CommonKeywords" type="SETUP">
<doc>Go to the URL and maximize the browser window.</doc>
<kw name="Open Browser" library="SeleniumLibrary">
<arg>${URL}</arg>
<arg>${Browser}</arg>
<doc>Opens a new browser instance to the optional ``url``.</doc>
<msg timestamp="20230412 11:37:04.724" level="INFO">Opening browser 'chrome' to base url 'https://www.saucedemo.com/'.</msg>
<status status="PASS" starttime="20230412 11:37:04.724" endtime="20230412 11:37:06.454"/>
</kw>
<kw name="Maximize Browser Window" library="SeleniumLibrary">
<doc>Maximizes current browser window.</doc>
<status status="PASS" starttime="20230412 11:37:06.454" endtime="20230412 11:37:06.575"/>
</kw>
<kw name="Sleep" library="BuiltIn">
<arg>2s</arg>
<doc>Pauses the test executed for the given time.</doc>
<msg timestamp="20230412 11:37:08.586" level="INFO">Slept 2 seconds</msg>
<status status="PASS" starttime="20230412 11:37:06.575" endtime="20230412 11:37:08.586"/>
</kw>
<status status="PASS" starttime="20230412 11:37:04.724" endtime="20230412 11:37:08.586"/>
</kw>
<kw name="Enter login credentials and click on login button" library="LoginPageKeywords">
<kw name="Input Text" library="SeleniumLibrary">
<arg>${Login page}[UserNamefield]</arg>
<arg>${TestDatas}[Username]</arg>
<doc>Types the given ``text`` into the text field identified by ``locator``.</doc>
<msg timestamp="20230412 11:37:08.587" level="INFO">Typing text 'standard_user' into text field '//input[@id='user-name']'.</msg>
<status status="PASS" starttime="20230412 11:37:08.587" endtime="20230412 11:37:08.674"/>
</kw>
<kw name="Input Text" library="SeleniumLibrary">
<arg>${Login page}[Passwordfield]</arg>
<arg>${TestDatas}[Password]</arg>
<doc>Types the given ``text`` into the text field identified by ``locator``.</doc>
<msg timestamp="20230412 11:37:08.675" level="INFO">Typing text 'secret_sauce' into text field '//input[@id='password']'.</msg>
<status status="PASS" starttime="20230412 11:37:08.675" endtime="20230412 11:37:08.751"/>
</kw>
<kw name="Click Button" library="SeleniumLibrary">
<arg>${Login page}[LoginButton]</arg>
<doc>Clicks the button identified by ``locator``.</doc>
<msg timestamp="20230412 11:37:08.751" level="INFO">Clicking button '//input[@id='login-button']'.</msg>
<status status="PASS" starttime="20230412 11:37:08.751" endtime="20230412 11:37:08.832"/>
</kw>
<kw name="Log To Console" library="BuiltIn">
<arg>Entered the login credentials and clicked the login button.</arg>
<doc>Logs the given message to the console.</doc>
<status status="PASS" starttime="20230412 11:37:08.832" endtime="20230412 11:37:08.833"/>
</kw>
<status status="PASS" starttime="20230412 11:37:08.586" endtime="20230412 11:37:08.833"/>
</kw>
<kw name="Verify the web elements in Home page" library="HomePageKeywords">
<kw name="Verify elements is visible and displayed" library="CommonKeywords">
<arg>${Home page}[Products]</arg>
<doc>Keyword to verify locator is enabled and visibled on a page.</doc>
<kw name="Wait Until Element Is Enabled" library="SeleniumLibrary">
<arg>${locator}</arg>
<arg>timeout=30</arg>
<doc>Waits until the element ``locator`` is enabled.</doc>
<status status="PASS" starttime="20230412 11:37:08.834" endtime="20230412 11:37:08.875"/>
</kw>
<kw name="Wait Until Element Is Visible" library="SeleniumLibrary">
<arg>${locator}</arg>
<arg>timeout=30</arg>
<doc>Waits until the element ``locator`` is visible.</doc>
<status status="PASS" starttime="20230412 11:37:08.876" endtime="20230412 11:37:08.895"/>
</kw>
<kw name="Page Should Contain Element" library="SeleniumLibrary">
<arg>${locator}</arg>
<doc>Verifies that element ``locator`` is found on the current page.</doc>
<msg timestamp="20230412 11:37:08.905" level="INFO">Current page contains element '//span[@class='title']'.</msg>
<status status="PASS" starttime="20230412 11:37:08.896" endtime="20230412 11:37:08.905"/>
</kw>
<kw name="Wait Until Page Contains Element" library="SeleniumLibrary">
<arg>${locator}</arg>
<doc>Waits until the element ``locator`` appears on the current page.</doc>
<status status="PASS" starttime="20230412 11:37:08.905" endtime="20230412 11:37:08.913"/>
</kw>
<status status="PASS" starttime="20230412 11:37:08.834" endtime="20230412 11:37:08.914"/>
</kw>
<kw name="Verify elements is visible and displayed" library="CommonKeywords">
<arg>${Home page}[ProductBag]</arg>
<doc>Keyword to verify locator is enabled and visibled on a page.</doc>
<kw name="Wait Until Element Is Enabled" library="SeleniumLibrary">
<arg>${locator}</arg>
<arg>timeout=30</arg>
<doc>Waits until the element ``locator`` is enabled.</doc>
<status status="PASS" starttime="20230412 11:37:08.915" endtime="20230412 11:37:08.950"/>
</kw>
<kw name="Wait Until Element Is Visible" library="SeleniumLibrary">
<arg>${locator}</arg>
<arg>timeout=30</arg>
<doc>Waits until the element ``locator`` is visible.</doc>
<status status="PASS" starttime="20230412 11:37:08.950" endtime="20230412 11:37:08.969"/>
</kw>
<kw name="Page Should Contain Element" library="SeleniumLibrary">
<arg>${locator}</arg>
<doc>Verifies that element ``locator`` is found on the current page.</doc>
<msg timestamp="20230412 11:37:08.976" level="INFO">Current page contains element '//div[normalize-space()='Sauce Labs Backpack']'.</msg>
<status status="PASS" starttime="20230412 11:37:08.969" endtime="20230412 11:37:08.976"/>
</kw>
<kw name="Wait Until Page Contains Element" library="SeleniumLibrary">
<arg>${locator}</arg>
<doc>Waits until the element ``locator`` appears on the current page.</doc>
<status status="PASS" starttime="20230412 11:37:08.976" endtime="20230412 11:37:08.983"/>
</kw>
<status status="PASS" starttime="20230412 11:37:08.914" endtime="20230412 11:37:08.983"/>
</kw>
<kw name="Verify elements is visible and displayed" library="CommonKeywords">
<arg>${Home page}[ProductBagDescription]</arg>
<doc>Keyword to verify locator is enabled and visibled on a page.</doc>
<kw name="Wait Until Element Is Enabled" library="SeleniumLibrary">
<arg>${locator}</arg>
<arg>timeout=30</arg>
<doc>Waits until the element ``locator`` is enabled.</doc>
<status status="PASS" starttime="20230412 11:37:08.983" endtime="20230412 11:37:09.009"/>
</kw>
<kw name="Wait Until Element Is Visible" library="SeleniumLibrary">
<arg>${locator}</arg>
<arg>timeout=30</arg>
<doc>Waits until the element ``locator`` is visible.</doc>
<status status="PASS" starttime="20230412 11:37:09.009" endtime="20230412 11:37:09.022"/>
</kw>
<kw name="Page Should Contain Element" library="SeleniumLibrary">
<arg>${locator}</arg>
<doc>Verifies that element ``locator`` is found on the current page.</doc>
<msg timestamp="20230412 11:37:09.027" level="INFO">Current page contains element '//div[normalize-space()='carry.allTheThings() with the sleek, streamlined Sly Pack that melds uncompromising style with unequaled laptop and tablet protection.']'.</msg>
<status status="PASS" starttime="20230412 11:37:09.022" endtime="20230412 11:37:09.027"/>
</kw>
<kw name="Wait Until Page Contains Element" library="SeleniumLibrary">
<arg>${locator}</arg>
<doc>Waits until the element ``locator`` appears on the current page.</doc>
<status status="PASS" starttime="20230412 11:37:09.027" endtime="20230412 11:37:09.032"/>
</kw>
<status status="PASS" starttime="20230412 11:37:08.983" endtime="20230412 11:37:09.032"/>
</kw>
<kw name="Page Should Contain Button" library="SeleniumLibrary">
<arg>${Home page}[AddToCartButtonForbag]</arg>
<doc>Verifies button ``locator`` is found from current page.</doc>
<msg timestamp="20230412 11:37:09.058" level="INFO">Current page contains button '//button[@id='add-to-cart-sauce-labs-backpack']'.</msg>
<status status="PASS" starttime="20230412 11:37:09.033" endtime="20230412 11:37:09.058"/>
</kw>
<kw name="Verify elements is visible and displayed" library="CommonKeywords">
<arg>${Home page}[ProductBikelight]</arg>
<doc>Keyword to verify locator is enabled and visibled on a page.</doc>
<kw name="Wait Until Element Is Enabled" library="SeleniumLibrary">
<arg>${locator}</arg>
<arg>timeout=30</arg>
<doc>Waits until the element ``locator`` is enabled.</doc>
<status status="PASS" starttime="20230412 11:37:09.059" endtime="20230412 11:37:09.078"/>
</kw>
<kw name="Wait Until Element Is Visible" library="SeleniumLibrary">
<arg>${locator}</arg>
<arg>timeout=30</arg>
<doc>Waits until the element ``locator`` is visible.</doc>
<status status="PASS" starttime="20230412 11:37:09.078" endtime="20230412 11:37:09.089"/>
</kw>
<kw name="Page Should Contain Element" library="SeleniumLibrary">
<arg>${locator}</arg>
<doc>Verifies that element ``locator`` is found on the current page.</doc>
<msg timestamp="20230412 11:37:09.094" level="INFO">Current page contains element '//div[normalize-space()='Sauce Labs Bike Light']'.</msg>
<status status="PASS" starttime="20230412 11:37:09.089" endtime="20230412 11:37:09.094"/>
</kw>
<kw name="Wait Until Page Contains Element" library="SeleniumLibrary">
<arg>${locator}</arg>
<doc>Waits until the element ``locator`` appears on the current page.</doc>
<status status="PASS" starttime="20230412 11:37:09.094" endtime="20230412 11:37:09.099"/>
</kw>
<status status="PASS" starttime="20230412 11:37:09.059" endtime="20230412 11:37:09.099"/>
</kw>
<kw name="Page Should Contain Button" library="SeleniumLibrary">
<arg>${Home page}[AddToCartButtonForBikeLight]</arg>
<doc>Verifies button ``locator`` is found from current page.</doc>
<msg timestamp="20230412 11:37:09.118" level="INFO">Current page contains button '//button[@id='add-to-cart-sauce-labs-bike-light']'.</msg>
<status status="PASS" starttime="20230412 11:37:09.099" endtime="20230412 11:37:09.118"/>
</kw>
<kw name="Verify elements is visible and displayed" library="CommonKeywords">
<arg>${Home page}[ProductBoltTshirt]</arg>
<doc>Keyword to verify locator is enabled and visibled on a page.</doc>
<kw name="Wait Until Element Is Enabled" library="SeleniumLibrary">
<arg>${locator}</arg>
<arg>timeout=30</arg>
<doc>Waits until the element ``locator`` is enabled.</doc>
<status status="PASS" starttime="20230412 11:37:09.119" endtime="20230412 11:37:09.137"/>
</kw>
<kw name="Wait Until Element Is Visible" library="SeleniumLibrary">
<arg>${locator}</arg>
<arg>timeout=30</arg>
<doc>Waits until the element ``locator`` is visible.</doc>
<status status="PASS" starttime="20230412 11:37:09.138" endtime="20230412 11:37:09.149"/>
</kw>
<kw name="Page Should Contain Element" library="SeleniumLibrary">
<arg>${locator}</arg>
<doc>Verifies that element ``locator`` is found on the current page.</doc>
<msg timestamp="20230412 11:37:09.153" level="INFO">Current page contains element '//div[normalize-space()='Sauce Labs Bolt T-Shirt']'.</msg>
<status status="PASS" starttime="20230412 11:37:09.149" endtime="20230412 11:37:09.153"/>
</kw>
<kw name="Wait Until Page Contains Element" library="SeleniumLibrary">
<arg>${locator}</arg>
<doc>Waits until the element ``locator`` appears on the current page.</doc>
<status status="PASS" starttime="20230412 11:37:09.154" endtime="20230412 11:37:09.158"/>
</kw>
<status status="PASS" starttime="20230412 11:37:09.119" endtime="20230412 11:37:09.158"/>
</kw>
<kw name="Verify elements is visible and displayed" library="CommonKeywords">
<arg>${Home page}[ProductBoltTshirtDiscription]</arg>
<doc>Keyword to verify locator is enabled and visibled on a page.</doc>
<kw name="Wait Until Element Is Enabled" library="SeleniumLibrary">
<arg>${locator}</arg>
<arg>timeout=30</arg>
<doc>Waits until the element ``locator`` is enabled.</doc>
<status status="PASS" starttime="20230412 11:37:09.158" endtime="20230412 11:37:09.176"/>
</kw>
<kw name="Wait Until Element Is Visible" library="SeleniumLibrary">
<arg>${locator}</arg>
<arg>timeout=30</arg>
<doc>Waits until the element ``locator`` is visible.</doc>
<status status="PASS" starttime="20230412 11:37:09.177" endtime="20230412 11:37:09.187"/>
</kw>
<kw name="Page Should Contain Element" library="SeleniumLibrary">
<arg>${locator}</arg>
<doc>Verifies that element ``locator`` is found on the current page.</doc>
<msg timestamp="20230412 11:37:09.193" level="INFO">Current page contains element '//div[normalize-space()='Get your testing superhero on with the Sauce Labs bolt T-shirt. From American Apparel, 100% ringspun combed cotton, heather gray with red bolt.']'.</msg>
<status status="PASS" starttime="20230412 11:37:09.187" endtime="20230412 11:37:09.193"/>
</kw>
<kw name="Wait Until Page Contains Element" library="SeleniumLibrary">
<arg>${locator}</arg>
<doc>Waits until the element ``locator`` appears on the current page.</doc>
<status status="PASS" starttime="20230412 11:37:09.193" endtime="20230412 11:37:09.198"/>
</kw>
<status status="PASS" starttime="20230412 11:37:09.158" endtime="20230412 11:37:09.198"/>
</kw>
<kw name="Page Should Contain Button" library="SeleniumLibrary">
<arg>${Home page}[AddToCartButtonForBoltTshirt]</arg>
<doc>Verifies button ``locator`` is found from current page.</doc>
<msg timestamp="20230412 11:37:09.218" level="INFO">Current page contains button '//button[@id='add-to-cart-sauce-labs-bolt-t-shirt']'.</msg>
<status status="PASS" starttime="20230412 11:37:09.199" endtime="20230412 11:37:09.218"/>
</kw>
<kw name="Verify elements is visible and displayed" library="CommonKeywords">
<arg>${Home page}[ProductFleeceJacket]</arg>
<doc>Keyword to verify locator is enabled and visibled on a page.</doc>
<kw name="Wait Until Element Is Enabled" library="SeleniumLibrary">
<arg>${locator}</arg>
<arg>timeout=30</arg>
<doc>Waits until the element ``locator`` is enabled.</doc>
<status status="PASS" starttime="20230412 11:37:09.219" endtime="20230412 11:37:09.238"/>
</kw>
<kw name="Wait Until Element Is Visible" library="SeleniumLibrary">
<arg>${locator}</arg>
<arg>timeout=30</arg>
<doc>Waits until the element ``locator`` is visible.</doc>
<status status="PASS" starttime="20230412 11:37:09.239" endtime="20230412 11:37:09.249"/>
</kw>
<kw name="Page Should Contain Element" library="SeleniumLibrary">
<arg>${locator}</arg>
<doc>Verifies that element ``locator`` is found on the current page.</doc>
<msg timestamp="20230412 11:37:09.254" level="INFO">Current page contains element '//div[normalize-space()='Sauce Labs Fleece Jacket']'.</msg>
<status status="PASS" starttime="20230412 11:37:09.249" endtime="20230412 11:37:09.254"/>
</kw>
<kw name="Wait Until Page Contains Element" library="SeleniumLibrary">
<arg>${locator}</arg>
<doc>Waits until the element ``locator`` appears on the current page.</doc>
<status status="PASS" starttime="20230412 11:37:09.254" endtime="20230412 11:37:09.259"/>
</kw>
<status status="PASS" starttime="20230412 11:37:09.218" endtime="20230412 11:37:09.259"/>
</kw>
<kw name="Page Should Contain Button" library="SeleniumLibrary">
<arg>${Home page}[AddToCartButtonForFleeceJacket]</arg>
<doc>Verifies button ``locator`` is found from current page.</doc>
<msg timestamp="20230412 11:37:09.279" level="INFO">Current page contains button '//button[@id='add-to-cart-sauce-labs-fleece-jacket']'.</msg>
<status status="PASS" starttime="20230412 11:37:09.259" endtime="20230412 11:37:09.279"/>
</kw>
<kw name="Verify elements is visible and displayed" library="CommonKeywords">
<arg>${Home page}[ProductOnesieTshirt]</arg>
<doc>Keyword to verify locator is enabled and visibled on a page.</doc>
<kw name="Wait Until Element Is Enabled" library="SeleniumLibrary">
<arg>${locator}</arg>
<arg>timeout=30</arg>
<doc>Waits until the element ``locator`` is enabled.</doc>
<status status="PASS" starttime="20230412 11:37:09.279" endtime="20230412 11:37:09.298"/>
</kw>
<kw name="Wait Until Element Is Visible" library="SeleniumLibrary">
<arg>${locator}</arg>
<arg>timeout=30</arg>
<doc>Waits until the element ``locator`` is visible.</doc>
<status status="PASS" starttime="20230412 11:37:09.298" endtime="20230412 11:37:09.309"/>
</kw>
<kw name="Page Should Contain Element" library="SeleniumLibrary">
<arg>${locator}</arg>
<doc>Verifies that element ``locator`` is found on the current page.</doc>
<msg timestamp="20230412 11:37:09.315" level="INFO">Current page contains element '//div[normalize-space()='Sauce Labs Onesie']'.</msg>
<status status="PASS" starttime="20230412 11:37:09.309" endtime="20230412 11:37:09.315"/>
</kw>
<kw name="Wait Until Page Contains Element" library="SeleniumLibrary">
<arg>${locator}</arg>
<doc>Waits until the element ``locator`` appears on the current page.</doc>
<status status="PASS" starttime="20230412 11:37:09.315" endtime="20230412 11:37:09.320"/>
</kw>
<status status="PASS" starttime="20230412 11:37:09.279" endtime="20230412 11:37:09.320"/>
</kw>
<kw name="Verify elements is visible and displayed" library="CommonKeywords">
<arg>${Home page}[ProductOnesieTshirtDescription]</arg>
<doc>Keyword to verify locator is enabled and visibled on a page.</doc>
<kw name="Wait Until Element Is Enabled" library="SeleniumLibrary">
<arg>${locator}</arg>
<arg>timeout=30</arg>
<doc>Waits until the element ``locator`` is enabled.</doc>
<status status="PASS" starttime="20230412 11:37:09.320" endtime="20230412 11:37:09.340"/>
</kw>
<kw name="Wait Until Element Is Visible" library="SeleniumLibrary">
<arg>${locator}</arg>
<arg>timeout=30</arg>
<doc>Waits until the element ``locator`` is visible.</doc>
<status status="PASS" starttime="20230412 11:37:09.340" endtime="20230412 11:37:09.350"/>
</kw>
<kw name="Page Should Contain Element" library="SeleniumLibrary">
<arg>${locator}</arg>
<doc>Verifies that element ``locator`` is found on the current page.</doc>
<msg timestamp="20230412 11:37:09.355" level="INFO">Current page contains element '//div[contains(text(),'Rib snap infant onesie for the junior automation e')]'.</msg>
<status status="PASS" starttime="20230412 11:37:09.350" endtime="20230412 11:37:09.355"/>
</kw>
<kw name="Wait Until Page Contains Element" library="SeleniumLibrary">
<arg>${locator}</arg>
<doc>Waits until the element ``locator`` appears on the current page.</doc>
<status status="PASS" starttime="20230412 11:37:09.355" endtime="20230412 11:37:09.363"/>
</kw>
<status status="PASS" starttime="20230412 11:37:09.320" endtime="20230412 11:37:09.363"/>
</kw>
<kw name="Page Should Contain Button" library="SeleniumLibrary">
<arg>${Home page}[AddToCartButtonForOnesieTshirt]</arg>
<doc>Verifies button ``locator`` is found from current page.</doc>
<msg timestamp="20230412 11:37:09.384" level="INFO">Current page contains button '//button[@id='add-to-cart-sauce-labs-onesie']'.</msg>
<status status="PASS" starttime="20230412 11:37:09.363" endtime="20230412 11:37:09.384"/>
</kw>
<kw name="Verify elements is visible and displayed" library="CommonKeywords">
<arg>${Home page}[ProductRedTshirt]</arg>
<doc>Keyword to verify locator is enabled and visibled on a page.</doc>
<kw name="Wait Until Element Is Enabled" library="SeleniumLibrary">
<arg>${locator}</arg>
<arg>timeout=30</arg>
<doc>Waits until the element ``locator`` is enabled.</doc>
<status status="PASS" starttime="20230412 11:37:09.384" endtime="20230412 11:37:09.402"/>
</kw>
<kw name="Wait Until Element Is Visible" library="SeleniumLibrary">
<arg>${locator}</arg>
<arg>timeout=30</arg>
<doc>Waits until the element ``locator`` is visible.</doc>
<status status="PASS" starttime="20230412 11:37:09.402" endtime="20230412 11:37:09.412"/>
</kw>
<kw name="Page Should Contain Element" library="SeleniumLibrary">
<arg>${locator}</arg>
<doc>Verifies that element ``locator`` is found on the current page.</doc>
<msg timestamp="20230412 11:37:09.417" level="INFO">Current page contains element '//div[normalize-space()='Test.allTheThings() T-Shirt (Red)']'.</msg>
<status status="PASS" starttime="20230412 11:37:09.412" endtime="20230412 11:37:09.417"/>
</kw>
<kw name="Wait Until Page Contains Element" library="SeleniumLibrary">
<arg>${locator}</arg>
<doc>Waits until the element ``locator`` appears on the current page.</doc>
<status status="PASS" starttime="20230412 11:37:09.417" endtime="20230412 11:37:09.421"/>
</kw>
<status status="PASS" starttime="20230412 11:37:09.384" endtime="20230412 11:37:09.422"/>
</kw>
<kw name="Verify elements is visible and displayed" library="CommonKeywords">
<arg>${Home page}[ProductOnesieTshirtDescription]</arg>
<doc>Keyword to verify locator is enabled and visibled on a page.</doc>
<kw name="Wait Until Element Is Enabled" library="SeleniumLibrary">
<arg>${locator}</arg>
<arg>timeout=30</arg>
<doc>Waits until the element ``locator`` is enabled.</doc>
<status status="PASS" starttime="20230412 11:37:09.422" endtime="20230412 11:37:09.435"/>
</kw>
<kw name="Wait Until Element Is Visible" library="SeleniumLibrary">
<arg>${locator}</arg>
<arg>timeout=30</arg>
<doc>Waits until the element ``locator`` is visible.</doc>
<status status="PASS" starttime="20230412 11:37:09.435" endtime="20230412 11:37:09.445"/>
</kw>
<kw name="Page Should Contain Element" library="SeleniumLibrary">
<arg>${locator}</arg>
<doc>Verifies that element ``locator`` is found on the current page.</doc>
<msg timestamp="20230412 11:37:09.449" level="INFO">Current page contains element '//div[contains(text(),'Rib snap infant onesie for the junior automation e')]'.</msg>
<status status="PASS" starttime="20230412 11:37:09.445" endtime="20230412 11:37:09.449"/>
</kw>
<kw name="Wait Until Page Contains Element" library="SeleniumLibrary">
<arg>${locator}</arg>
<doc>Waits until the element ``locator`` appears on the current page.</doc>
<status status="PASS" starttime="20230412 11:37:09.450" endtime="20230412 11:37:09.454"/>
</kw>
<status status="PASS" starttime="20230412 11:37:09.422" endtime="20230412 11:37:09.454"/>
</kw>
<kw name="Verify elements is visible and displayed" library="CommonKeywords">
<arg>${Home page}[ProductRedTshirtDescription]</arg>
<doc>Keyword to verify locator is enabled and visibled on a page.</doc>
<kw name="Wait Until Element Is Enabled" library="SeleniumLibrary">
<arg>${locator}</arg>
<arg>timeout=30</arg>
<doc>Waits until the element ``locator`` is enabled.</doc>
<status status="PASS" starttime="20230412 11:37:09.454" endtime="20230412 11:37:09.473"/>
</kw>
<kw name="Wait Until Element Is Visible" library="SeleniumLibrary">
<arg>${locator}</arg>
<arg>timeout=30</arg>
<doc>Waits until the element ``locator`` is visible.</doc>
<status status="PASS" starttime="20230412 11:37:09.473" endtime="20230412 11:37:09.484"/>
</kw>
<kw name="Page Should Contain Element" library="SeleniumLibrary">
<arg>${locator}</arg>
<doc>Verifies that element ``locator`` is found on the current page.</doc>
<msg timestamp="20230412 11:37:09.489" level="INFO">Current page contains element '//div[normalize-space()='This classic Sauce Labs t-shirt is perfect to wear when cozying up to your keyboard to automate a few tests. Super-soft and comfy ringspun combed cotton.']'.</msg>
<status status="PASS" starttime="20230412 11:37:09.484" endtime="20230412 11:37:09.489"/>
</kw>
<kw name="Wait Until Page Contains Element" library="SeleniumLibrary">
<arg>${locator}</arg>
<doc>Waits until the element ``locator`` appears on the current page.</doc>
<status status="PASS" starttime="20230412 11:37:09.489" endtime="20230412 11:37:09.493"/>
</kw>
<status status="PASS" starttime="20230412 11:37:09.454" endtime="20230412 11:37:09.493"/>
</kw>
<status status="PASS" starttime="20230412 11:37:08.833" endtime="20230412 11:37:09.493"/>
</kw>
<kw name="Close Browser Window" library="CommonKeywords" type="TEARDOWN">
<kw name="Close Browser" library="SeleniumLibrary">
<doc>Closes the current browser.</doc>
<status status="PASS" starttime="20230412 11:37:09.494" endtime="20230412 11:37:12.066"/>
</kw>
<kw name="Log To Console" library="BuiltIn">
<arg>Test Completed</arg>
<doc>Logs the given message to the console.</doc>
<status status="PASS" starttime="20230412 11:37:12.066" endtime="20230412 11:37:12.068"/>
</kw>
<status status="PASS" starttime="20230412 11:37:09.494" endtime="20230412 11:37:12.068"/>
</kw>
<status status="PASS" starttime="20230412 11:37:04.723" endtime="20230412 11:37:12.068"/>
</test>
<status status="PASS" starttime="20230412 11:37:04.705" endtime="20230412 11:37:12.071"/>
</suite>
<suite id="s1-s3" name="TC-3 Add To Cart And Verify" source="D:\Robot Framework\Web\testcases\TC-3_Add_To_Cart_And_Verify.robot">
<test id="s1-s3-t1" name="Add Bag To cart" line="13">
<kw name="Open Browser And Maximize" library="CommonKeywords" type="SETUP">
<doc>Go to the URL and maximize the browser window.</doc>
<kw name="Open Browser" library="SeleniumLibrary">
<arg>${URL}</arg>
<arg>${Browser}</arg>
<doc>Opens a new browser instance to the optional ``url``.</doc>
<msg timestamp="20230412 11:37:12.092" level="INFO">Opening browser 'chrome' to base url 'https://www.saucedemo.com/'.</msg>
<status status="PASS" starttime="20230412 11:37:12.092" endtime="20230412 11:37:13.905"/>
</kw>
<kw name="Maximize Browser Window" library="SeleniumLibrary">
<doc>Maximizes current browser window.</doc>
<status status="PASS" starttime="20230412 11:37:13.905" endtime="20230412 11:37:14.027"/>
</kw>
<kw name="Sleep" library="BuiltIn">
<arg>2s</arg>
<doc>Pauses the test executed for the given time.</doc>
<msg timestamp="20230412 11:37:16.038" level="INFO">Slept 2 seconds</msg>
<status status="PASS" starttime="20230412 11:37:14.027" endtime="20230412 11:37:16.038"/>
</kw>
<status status="PASS" starttime="20230412 11:37:12.092" endtime="20230412 11:37:16.038"/>
</kw>
<kw name="Enter login credentials and click on login button" library="LoginPageKeywords">
<kw name="Input Text" library="SeleniumLibrary">
<arg>${Login page}[UserNamefield]</arg>
<arg>${TestDatas}[Username]</arg>
<doc>Types the given ``text`` into the text field identified by ``locator``.</doc>
<msg timestamp="20230412 11:37:16.040" level="INFO">Typing text 'standard_user' into text field '//input[@id='user-name']'.</msg>
<status status="PASS" starttime="20230412 11:37:16.039" endtime="20230412 11:37:16.138"/>
</kw>
<kw name="Input Text" library="SeleniumLibrary">
<arg>${Login page}[Passwordfield]</arg>
<arg>${TestDatas}[Password]</arg>
<doc>Types the given ``text`` into the text field identified by ``locator``.</doc>
<msg timestamp="20230412 11:37:16.138" level="INFO">Typing text 'secret_sauce' into text field '//input[@id='password']'.</msg>
<status status="PASS" starttime="20230412 11:37:16.138" endtime="20230412 11:37:16.213"/>
</kw>
<kw name="Click Button" library="SeleniumLibrary">
<arg>${Login page}[LoginButton]</arg>
<doc>Clicks the button identified by ``locator``.</doc>
<msg timestamp="20230412 11:37:16.214" level="INFO">Clicking button '//input[@id='login-button']'.</msg>
<status status="PASS" starttime="20230412 11:37:16.213" endtime="20230412 11:37:16.292"/>
</kw>
<kw name="Log To Console" library="BuiltIn">
<arg>Entered the login credentials and clicked the login button.</arg>
<doc>Logs the given message to the console.</doc>
<status status="PASS" starttime="20230412 11:37:16.293" endtime="20230412 11:37:16.293"/>
</kw>
<status status="PASS" starttime="20230412 11:37:16.038" endtime="20230412 11:37:16.293"/>
</kw>
<kw name="Add Bag to cart" library="CartPageKeywords">
<kw name="Click Element" library="SeleniumLibrary">
<arg>${Home page}[AddToCartButtonForbag]</arg>
<doc>Click the element identified by ``locator``.</doc>
<msg timestamp="20230412 11:37:16.294" level="INFO">Clicking element '//button[@id='add-to-cart-sauce-labs-backpack']'.</msg>
<status status="PASS" starttime="20230412 11:37:16.294" endtime="20230412 11:37:16.340"/>
</kw>
<status status="PASS" starttime="20230412 11:37:16.293" endtime="20230412 11:37:16.340"/>
</kw>
<kw name="Verify the Added product is available in cart" library="CartPageKeywords">
<kw name="Click Element" library="SeleniumLibrary">
<arg>${Home page}[Cart icon]</arg>
<doc>Click the element identified by ``locator``.</doc>
<msg timestamp="20230412 11:37:16.341" level="INFO">Clicking element '//a[@class='shopping_cart_link']'.</msg>
<status status="PASS" starttime="20230412 11:37:16.340" endtime="20230412 11:37:16.397"/>
</kw>
<kw name="Page Should Contain" library="SeleniumLibrary">
<arg>Sauce Labs Backpack</arg>
<doc>Verifies that current page contains ``text``.</doc>
<msg timestamp="20230412 11:37:16.409" level="INFO">Current page contains text 'Sauce Labs Backpack'.</msg>
<status status="PASS" starttime="20230412 11:37:16.397" endtime="20230412 11:37:16.409"/>
</kw>
<status status="PASS" starttime="20230412 11:37:16.340" endtime="20230412 11:37:16.409"/>
</kw>
<kw name="Verify the removed product is not available in cart" library="CartPageKeywords">
<kw name="Click Element" library="SeleniumLibrary">
<arg>${Home page}[Cart icon]</arg>
<doc>Click the element identified by ``locator``.</doc>
<msg timestamp="20230412 11:37:16.410" level="INFO">Clicking element '//a[@class='shopping_cart_link']'.</msg>
<status status="PASS" starttime="20230412 11:37:16.409" endtime="20230412 11:37:16.440"/>
</kw>
<kw name="Page Should Not Contain" library="SeleniumLibrary">
<arg>Sauce Labs Bike Light</arg>
<doc>Verifies the current page does not contain ``text``.</doc>
<msg timestamp="20230412 11:37:16.460" level="INFO">Current page does not contain text 'Sauce Labs Bike Light'.</msg>
<status status="PASS" starttime="20230412 11:37:16.440" endtime="20230412 11:37:16.460"/>
</kw>
<status status="PASS" starttime="20230412 11:37:16.409" endtime="20230412 11:37:16.460"/>
</kw>
<kw name="Close Browser Window" library="CommonKeywords" type="TEARDOWN">
<kw name="Close Browser" library="SeleniumLibrary">
<doc>Closes the current browser.</doc>
<status status="PASS" starttime="20230412 11:37:16.460" endtime="20230412 11:37:19.026"/>
</kw>
<kw name="Log To Console" library="BuiltIn">
<arg>Test Completed</arg>
<doc>Logs the given message to the console.</doc>
<status status="PASS" starttime="20230412 11:37:19.026" endtime="20230412 11:37:19.027"/>
</kw>
<status status="PASS" starttime="20230412 11:37:16.460" endtime="20230412 11:37:19.029"/>
</kw>
<status status="PASS" starttime="20230412 11:37:12.091" endtime="20230412 11:37:19.029"/>
</test>
<status status="PASS" starttime="20230412 11:37:12.074" endtime="20230412 11:37:19.033"/>
</suite>
<suite id="s1-s4" name="TC-4 Remove From Cart" source="D:\Robot Framework\Web\testcases\TC-4_Remove_From_Cart.robot">
<test id="s1-s4-t1" name="Add bikelight to cart then remove from cart" line="13">
<kw name="Open Browser And Maximize" library="CommonKeywords" type="SETUP">
<doc>Go to the URL and maximize the browser window.</doc>
<kw name="Open Browser" library="SeleniumLibrary">
<arg>${URL}</arg>
<arg>${Browser}</arg>
<doc>Opens a new browser instance to the optional ``url``.</doc>
<msg timestamp="20230412 11:37:19.056" level="INFO">Opening browser 'chrome' to base url 'https://www.saucedemo.com/'.</msg>
<status status="PASS" starttime="20230412 11:37:19.056" endtime="20230412 11:37:20.883"/>
</kw>
<kw name="Maximize Browser Window" library="SeleniumLibrary">
<doc>Maximizes current browser window.</doc>
<status status="PASS" starttime="20230412 11:37:20.883" endtime="20230412 11:37:20.996"/>
</kw>
<kw name="Sleep" library="BuiltIn">
<arg>2s</arg>
<doc>Pauses the test executed for the given time.</doc>
<msg timestamp="20230412 11:37:23.010" level="INFO">Slept 2 seconds</msg>
<status status="PASS" starttime="20230412 11:37:20.997" endtime="20230412 11:37:23.010"/>
</kw>
<status status="PASS" starttime="20230412 11:37:19.055" endtime="20230412 11:37:23.010"/>
</kw>
<kw name="Enter login credentials and click on login button" library="LoginPageKeywords">
<kw name="Input Text" library="SeleniumLibrary">
<arg>${Login page}[UserNamefield]</arg>
<arg>${TestDatas}[Username]</arg>
<doc>Types the given ``text`` into the text field identified by ``locator``.</doc>
<msg timestamp="20230412 11:37:23.011" level="INFO">Typing text 'standard_user' into text field '//input[@id='user-name']'.</msg>
<status status="PASS" starttime="20230412 11:37:23.011" endtime="20230412 11:37:23.101"/>
</kw>
<kw name="Input Text" library="SeleniumLibrary">
<arg>${Login page}[Passwordfield]</arg>
<arg>${TestDatas}[Password]</arg>
<doc>Types the given ``text`` into the text field identified by ``locator``.</doc>
<msg timestamp="20230412 11:37:23.102" level="INFO">Typing text 'secret_sauce' into text field '//input[@id='password']'.</msg>
<status status="PASS" starttime="20230412 11:37:23.101" endtime="20230412 11:37:23.172"/>
</kw>
<kw name="Click Button" library="SeleniumLibrary">
<arg>${Login page}[LoginButton]</arg>
<doc>Clicks the button identified by ``locator``.</doc>
<msg timestamp="20230412 11:37:23.172" level="INFO">Clicking button '//input[@id='login-button']'.</msg>
<status status="PASS" starttime="20230412 11:37:23.172" endtime="20230412 11:37:23.255"/>
</kw>
<kw name="Log To Console" library="BuiltIn">
<arg>Entered the login credentials and clicked the login button.</arg>
<doc>Logs the given message to the console.</doc>
<status status="PASS" starttime="20230412 11:37:23.255" endtime="20230412 11:37:23.256"/>
</kw>
<status status="PASS" starttime="20230412 11:37:23.010" endtime="20230412 11:37:23.256"/>
</kw>
<kw name="Verify the web elements in Home page" library="HomePageKeywords">
<kw name="Verify elements is visible and displayed" library="CommonKeywords">
<arg>${Home page}[Products]</arg>
<doc>Keyword to verify locator is enabled and visibled on a page.</doc>
<kw name="Wait Until Element Is Enabled" library="SeleniumLibrary">
<arg>${locator}</arg>
<arg>timeout=30</arg>
<doc>Waits until the element ``locator`` is enabled.</doc>
<status status="PASS" starttime="20230412 11:37:23.257" endtime="20230412 11:37:23.303"/>
</kw>
<kw name="Wait Until Element Is Visible" library="SeleniumLibrary">
<arg>${locator}</arg>
<arg>timeout=30</arg>
<doc>Waits until the element ``locator`` is visible.</doc>
<status status="PASS" starttime="20230412 11:37:23.303" endtime="20230412 11:37:23.323"/>
</kw>
<kw name="Page Should Contain Element" library="SeleniumLibrary">
<arg>${locator}</arg>
<doc>Verifies that element ``locator`` is found on the current page.</doc>
<msg timestamp="20230412 11:37:23.331" level="INFO">Current page contains element '//span[@class='title']'.</msg>
<status status="PASS" starttime="20230412 11:37:23.323" endtime="20230412 11:37:23.332"/>
</kw>
<kw name="Wait Until Page Contains Element" library="SeleniumLibrary">
<arg>${locator}</arg>
<doc>Waits until the element ``locator`` appears on the current page.</doc>
<status status="PASS" starttime="20230412 11:37:23.332" endtime="20230412 11:37:23.339"/>
</kw>
<status status="PASS" starttime="20230412 11:37:23.256" endtime="20230412 11:37:23.339"/>
</kw>
<kw name="Verify elements is visible and displayed" library="CommonKeywords">
<arg>${Home page}[ProductBag]</arg>
<doc>Keyword to verify locator is enabled and visibled on a page.</doc>
<kw name="Wait Until Element Is Enabled" library="SeleniumLibrary">
<arg>${locator}</arg>
<arg>timeout=30</arg>
<doc>Waits until the element ``locator`` is enabled.</doc>
<status status="PASS" starttime="20230412 11:37:23.340" endtime="20230412 11:37:23.372"/>
</kw>
<kw name="Wait Until Element Is Visible" library="SeleniumLibrary">
<arg>${locator}</arg>
<arg>timeout=30</arg>
<doc>Waits until the element ``locator`` is visible.</doc>
<status status="PASS" starttime="20230412 11:37:23.372" endtime="20230412 11:37:23.391"/>
</kw>
<kw name="Page Should Contain Element" library="SeleniumLibrary">
<arg>${locator}</arg>
<doc>Verifies that element ``locator`` is found on the current page.</doc>
<msg timestamp="20230412 11:37:23.398" level="INFO">Current page contains element '//div[normalize-space()='Sauce Labs Backpack']'.</msg>
<status status="PASS" starttime="20230412 11:37:23.391" endtime="20230412 11:37:23.398"/>
</kw>
<kw name="Wait Until Page Contains Element" library="SeleniumLibrary">
<arg>${locator}</arg>
<doc>Waits until the element ``locator`` appears on the current page.</doc>
<status status="PASS" starttime="20230412 11:37:23.398" endtime="20230412 11:37:23.404"/>
</kw>
<status status="PASS" starttime="20230412 11:37:23.340" endtime="20230412 11:37:23.404"/>
</kw>
<kw name="Verify elements is visible and displayed" library="CommonKeywords">
<arg>${Home page}[ProductBagDescription]</arg>
<doc>Keyword to verify locator is enabled and visibled on a page.</doc>
<kw name="Wait Until Element Is Enabled" library="SeleniumLibrary">
<arg>${locator}</arg>
<arg>timeout=30</arg>
<doc>Waits until the element ``locator`` is enabled.</doc>
<status status="PASS" starttime="20230412 11:37:23.405" endtime="20230412 11:37:23.431"/>
</kw>
<kw name="Wait Until Element Is Visible" library="SeleniumLibrary">
<arg>${locator}</arg>
<arg>timeout=30</arg>
<doc>Waits until the element ``locator`` is visible.</doc>
<status status="PASS" starttime="20230412 11:37:23.431" endtime="20230412 11:37:23.442"/>
</kw>
<kw name="Page Should Contain Element" library="SeleniumLibrary">
<arg>${locator}</arg>
<doc>Verifies that element ``locator`` is found on the current page.</doc>
<msg timestamp="20230412 11:37:23.447" level="INFO">Current page contains element '//div[normalize-space()='carry.allTheThings() with the sleek, streamlined Sly Pack that melds uncompromising style with unequaled laptop and tablet protection.']'.</msg>
<status status="PASS" starttime="20230412 11:37:23.442" endtime="20230412 11:37:23.447"/>
</kw>
<kw name="Wait Until Page Contains Element" library="SeleniumLibrary">
<arg>${locator}</arg>
<doc>Waits until the element ``locator`` appears on the current page.</doc>
<status status="PASS" starttime="20230412 11:37:23.447" endtime="20230412 11:37:23.452"/>
</kw>
<status status="PASS" starttime="20230412 11:37:23.404" endtime="20230412 11:37:23.453"/>
</kw>
<kw name="Page Should Contain Button" library="SeleniumLibrary">
<arg>${Home page}[AddToCartButtonForbag]</arg>
<doc>Verifies button ``locator`` is found from current page.</doc>
<msg timestamp="20230412 11:37:23.472" level="INFO">Current page contains button '//button[@id='add-to-cart-sauce-labs-backpack']'.</msg>
<status status="PASS" starttime="20230412 11:37:23.453" endtime="20230412 11:37:23.473"/>
</kw>
<kw name="Verify elements is visible and displayed" library="CommonKeywords">
<arg>${Home page}[ProductBikelight]</arg>
<doc>Keyword to verify locator is enabled and visibled on a page.</doc>
<kw name="Wait Until Element Is Enabled" library="SeleniumLibrary">
<arg>${locator}</arg>
<arg>timeout=30</arg>
<doc>Waits until the element ``locator`` is enabled.</doc>
<status status="PASS" starttime="20230412 11:37:23.473" endtime="20230412 11:37:23.491"/>
</kw>
<kw name="Wait Until Element Is Visible" library="SeleniumLibrary">
<arg>${locator}</arg>
<arg>timeout=30</arg>
<doc>Waits until the element ``locator`` is visible.</doc>
<status status="PASS" starttime="20230412 11:37:23.491" endtime="20230412 11:37:23.503"/>
</kw>
<kw name="Page Should Contain Element" library="SeleniumLibrary">
<arg>${locator}</arg>
<doc>Verifies that element ``locator`` is found on the current page.</doc>
<msg timestamp="20230412 11:37:23.508" level="INFO">Current page contains element '//div[normalize-space()='Sauce Labs Bike Light']'.</msg>
<status status="PASS" starttime="20230412 11:37:23.503" endtime="20230412 11:37:23.508"/>
</kw>
<kw name="Wait Until Page Contains Element" library="SeleniumLibrary">
<arg>${locator}</arg>
<doc>Waits until the element ``locator`` appears on the current page.</doc>
<status status="PASS" starttime="20230412 11:37:23.508" endtime="20230412 11:37:23.514"/>
</kw>
<status status="PASS" starttime="20230412 11:37:23.473" endtime="20230412 11:37:23.514"/>
</kw>
<kw name="Page Should Contain Button" library="SeleniumLibrary">
<arg>${Home page}[AddToCartButtonForBikeLight]</arg>
<doc>Verifies button ``locator`` is found from current page.</doc>
<msg timestamp="20230412 11:37:23.537" level="INFO">Current page contains button '//button[@id='add-to-cart-sauce-labs-bike-light']'.</msg>
<status status="PASS" starttime="20230412 11:37:23.514" endtime="20230412 11:37:23.537"/>
</kw>
<kw name="Verify elements is visible and displayed" library="CommonKeywords">
<arg>${Home page}[ProductBoltTshirt]</arg>
<doc>Keyword to verify locator is enabled and visibled on a page.</doc>
<kw name="Wait Until Element Is Enabled" library="SeleniumLibrary">
<arg>${locator}</arg>
<arg>timeout=30</arg>
<doc>Waits until the element ``locator`` is enabled.</doc>
<status status="PASS" starttime="20230412 11:37:23.538" endtime="20230412 11:37:23.557"/>
</kw>
<kw name="Wait Until Element Is Visible" library="SeleniumLibrary">
<arg>${locator}</arg>
<arg>timeout=30</arg>
<doc>Waits until the element ``locator`` is visible.</doc>
<status status="PASS" starttime="20230412 11:37:23.557" endtime="20230412 11:37:23.568"/>
</kw>
<kw name="Page Should Contain Element" library="SeleniumLibrary">
<arg>${locator}</arg>
<doc>Verifies that element ``locator`` is found on the current page.</doc>
<msg timestamp="20230412 11:37:23.573" level="INFO">Current page contains element '//div[normalize-space()='Sauce Labs Bolt T-Shirt']'.</msg>
<status status="PASS" starttime="20230412 11:37:23.568" endtime="20230412 11:37:23.573"/>
</kw>
<kw name="Wait Until Page Contains Element" library="SeleniumLibrary">
<arg>${locator}</arg>
<doc>Waits until the element ``locator`` appears on the current page.</doc>
<status status="PASS" starttime="20230412 11:37:23.573" endtime="20230412 11:37:23.578"/>
</kw>
<status status="PASS" starttime="20230412 11:37:23.537" endtime="20230412 11:37:23.578"/>
</kw>
<kw name="Verify elements is visible and displayed" library="CommonKeywords">
<arg>${Home page}[ProductBoltTshirtDiscription]</arg>
<doc>Keyword to verify locator is enabled and visibled on a page.</doc>
<kw name="Wait Until Element Is Enabled" library="SeleniumLibrary">
<arg>${locator}</arg>
<arg>timeout=30</arg>
<doc>Waits until the element ``locator`` is enabled.</doc>
<status status="PASS" starttime="20230412 11:37:23.578" endtime="20230412 11:37:23.596"/>
</kw>
<kw name="Wait Until Element Is Visible" library="SeleniumLibrary">
<arg>${locator}</arg>
<arg>timeout=30</arg>
<doc>Waits until the element ``locator`` is visible.</doc>
<status status="PASS" starttime="20230412 11:37:23.597" endtime="20230412 11:37:23.607"/>
</kw>
<kw name="Page Should Contain Element" library="SeleniumLibrary">
<arg>${locator}</arg>
<doc>Verifies that element ``locator`` is found on the current page.</doc>
<msg timestamp="20230412 11:37:23.612" level="INFO">Current page contains element '//div[normalize-space()='Get your testing superhero on with the Sauce Labs bolt T-shirt. From American Apparel, 100% ringspun combed cotton, heather gray with red bolt.']'.</msg>
<status status="PASS" starttime="20230412 11:37:23.607" endtime="20230412 11:37:23.612"/>
</kw>
<kw name="Wait Until Page Contains Element" library="SeleniumLibrary">
<arg>${locator}</arg>
<doc>Waits until the element ``locator`` appears on the current page.</doc>
<status status="PASS" starttime="20230412 11:37:23.612" endtime="20230412 11:37:23.616"/>
</kw>
<status status="PASS" starttime="20230412 11:37:23.578" endtime="20230412 11:37:23.617"/>
</kw>
<kw name="Page Should Contain Button" library="SeleniumLibrary">
<arg>${Home page}[AddToCartButtonForBoltTshirt]</arg>
<doc>Verifies button ``locator`` is found from current page.</doc>
<msg timestamp="20230412 11:37:23.636" level="INFO">Current page contains button '//button[@id='add-to-cart-sauce-labs-bolt-t-shirt']'.</msg>
<status status="PASS" starttime="20230412 11:37:23.617" endtime="20230412 11:37:23.636"/>
</kw>
<kw name="Verify elements is visible and displayed" library="CommonKeywords">
<arg>${Home page}[ProductFleeceJacket]</arg>
<doc>Keyword to verify locator is enabled and visibled on a page.</doc>
<kw name="Wait Until Element Is Enabled" library="SeleniumLibrary">
<arg>${locator}</arg>
<arg>timeout=30</arg>
<doc>Waits until the element ``locator`` is enabled.</doc>
<status status="PASS" starttime="20230412 11:37:23.637" endtime="20230412 11:37:23.656"/>
</kw>
<kw name="Wait Until Element Is Visible" library="SeleniumLibrary">
<arg>${locator}</arg>
<arg>timeout=30</arg>
<doc>Waits until the element ``locator`` is visible.</doc>
<status status="PASS" starttime="20230412 11:37:23.656" endtime="20230412 11:37:23.668"/>
</kw>
<kw name="Page Should Contain Element" library="SeleniumLibrary">
<arg>${locator}</arg>
<doc>Verifies that element ``locator`` is found on the current page.</doc>
<msg timestamp="20230412 11:37:23.673" level="INFO">Current page contains element '//div[normalize-space()='Sauce Labs Fleece Jacket']'.</msg>
<status status="PASS" starttime="20230412 11:37:23.668" endtime="20230412 11:37:23.673"/>
</kw>
<kw name="Wait Until Page Contains Element" library="SeleniumLibrary">
<arg>${locator}</arg>
<doc>Waits until the element ``locator`` appears on the current page.</doc>
<status status="PASS" starttime="20230412 11:37:23.673" endtime="20230412 11:37:23.678"/>
</kw>
<status status="PASS" starttime="20230412 11:37:23.636" endtime="20230412 11:37:23.678"/>
</kw>
<kw name="Page Should Contain Button" library="SeleniumLibrary">
<arg>${Home page}[AddToCartButtonForFleeceJacket]</arg>
<doc>Verifies button ``locator`` is found from current page.</doc>
<msg timestamp="20230412 11:37:23.703" level="INFO">Current page contains button '//button[@id='add-to-cart-sauce-labs-fleece-jacket']'.</msg>
<status status="PASS" starttime="20230412 11:37:23.679" endtime="20230412 11:37:23.703"/>
</kw>
<kw name="Verify elements is visible and displayed" library="CommonKeywords">
<arg>${Home page}[ProductOnesieTshirt]</arg>
<doc>Keyword to verify locator is enabled and visibled on a page.</doc>
<kw name="Wait Until Element Is Enabled" library="SeleniumLibrary">
<arg>${locator}</arg>
<arg>timeout=30</arg>
<doc>Waits until the element ``locator`` is enabled.</doc>
<status status="PASS" starttime="20230412 11:37:23.703" endtime="20230412 11:37:23.726"/>
</kw>
<kw name="Wait Until Element Is Visible" library="SeleniumLibrary">
<arg>${locator}</arg>
<arg>timeout=30</arg>
<doc>Waits until the element ``locator`` is visible.</doc>
<status status="PASS" starttime="20230412 11:37:23.726" endtime="20230412 11:37:23.740"/>
</kw>
<kw name="Page Should Contain Element" library="SeleniumLibrary">
<arg>${locator}</arg>
<doc>Verifies that element ``locator`` is found on the current page.</doc>
<msg timestamp="20230412 11:37:23.746" level="INFO">Current page contains element '//div[normalize-space()='Sauce Labs Onesie']'.</msg>
<status status="PASS" starttime="20230412 11:37:23.740" endtime="20230412 11:37:23.746"/>
</kw>
<kw name="Wait Until Page Contains Element" library="SeleniumLibrary">
<arg>${locator}</arg>
<doc>Waits until the element ``locator`` appears on the current page.</doc>
<status status="PASS" starttime="20230412 11:37:23.746" endtime="20230412 11:37:23.753"/>
</kw>
<status status="PASS" starttime="20230412 11:37:23.703" endtime="20230412 11:37:23.753"/>
</kw>
<kw name="Verify elements is visible and displayed" library="CommonKeywords">
<arg>${Home page}[ProductOnesieTshirtDescription]</arg>
<doc>Keyword to verify locator is enabled and visibled on a page.</doc>
<kw name="Wait Until Element Is Enabled" library="SeleniumLibrary">
<arg>${locator}</arg>
<arg>timeout=30</arg>
<doc>Waits until the element ``locator`` is enabled.</doc>
<status status="PASS" starttime="20230412 11:37:23.753" endtime="20230412 11:37:23.776"/>
</kw>
<kw name="Wait Until Element Is Visible" library="SeleniumLibrary">
<arg>${locator}</arg>
<arg>timeout=30</arg>
<doc>Waits until the element ``locator`` is visible.</doc>
<status status="PASS" starttime="20230412 11:37:23.776" endtime="20230412 11:37:23.791"/>
</kw>
<kw name="Page Should Contain Element" library="SeleniumLibrary">
<arg>${locator}</arg>
<doc>Verifies that element ``locator`` is found on the current page.</doc>
<msg timestamp="20230412 11:37:23.797" level="INFO">Current page contains element '//div[contains(text(),'Rib snap infant onesie for the junior automation e')]'.</msg>
<status status="PASS" starttime="20230412 11:37:23.791" endtime="20230412 11:37:23.797"/>
</kw>
<kw name="Wait Until Page Contains Element" library="SeleniumLibrary">
<arg>${locator}</arg>
<doc>Waits until the element ``locator`` appears on the current page.</doc>
<status status="PASS" starttime="20230412 11:37:23.797" endtime="20230412 11:37:23.804"/>
</kw>
<status status="PASS" starttime="20230412 11:37:23.753" endtime="20230412 11:37:23.804"/>
</kw>
<kw name="Page Should Contain Button" library="SeleniumLibrary">
<arg>${Home page}[AddToCartButtonForOnesieTshirt]</arg>
<doc>Verifies button ``locator`` is found from current page.</doc>
<msg timestamp="20230412 11:37:23.830" level="INFO">Current page contains button '//button[@id='add-to-cart-sauce-labs-onesie']'.</msg>
<status status="PASS" starttime="20230412 11:37:23.804" endtime="20230412 11:37:23.830"/>
</kw>
<kw name="Verify elements is visible and displayed" library="CommonKeywords">
<arg>${Home page}[ProductRedTshirt]</arg>
<doc>Keyword to verify locator is enabled and visibled on a page.</doc>
<kw name="Wait Until Element Is Enabled" library="SeleniumLibrary">
<arg>${locator}</arg>
<arg>timeout=30</arg>
<doc>Waits until the element ``locator`` is enabled.</doc>
<status status="PASS" starttime="20230412 11:37:23.830" endtime="20230412 11:37:23.851"/>
</kw>
<kw name="Wait Until Element Is Visible" library="SeleniumLibrary">
<arg>${locator}</arg>
<arg>timeout=30</arg>
<doc>Waits until the element ``locator`` is visible.</doc>
<status status="PASS" starttime="20230412 11:37:23.851" endtime="20230412 11:37:23.862"/>
</kw>
<kw name="Page Should Contain Element" library="SeleniumLibrary">
<arg>${locator}</arg>
<doc>Verifies that element ``locator`` is found on the current page.</doc>
<msg timestamp="20230412 11:37:23.867" level="INFO">Current page contains element '//div[normalize-space()='Test.allTheThings() T-Shirt (Red)']'.</msg>
<status status="PASS" starttime="20230412 11:37:23.862" endtime="20230412 11:37:23.867"/>
</kw>
<kw name="Wait Until Page Contains Element" library="SeleniumLibrary">
<arg>${locator}</arg>
<doc>Waits until the element ``locator`` appears on the current page.</doc>
<status status="PASS" starttime="20230412 11:37:23.867" endtime="20230412 11:37:23.871"/>
</kw>
<status status="PASS" starttime="20230412 11:37:23.830" endtime="20230412 11:37:23.872"/>
</kw>
<kw name="Verify elements is visible and displayed" library="CommonKeywords">
<arg>${Home page}[ProductOnesieTshirtDescription]</arg>
<doc>Keyword to verify locator is enabled and visibled on a page.</doc>
<kw name="Wait Until Element Is Enabled" library="SeleniumLibrary">
<arg>${locator}</arg>
<arg>timeout=30</arg>
<doc>Waits until the element ``locator`` is enabled.</doc>
<status status="PASS" starttime="20230412 11:37:23.872" endtime="20230412 11:37:23.885"/>
</kw>
<kw name="Wait Until Element Is Visible" library="SeleniumLibrary">
<arg>${locator}</arg>
<arg>timeout=30</arg>
<doc>Waits until the element ``locator`` is visible.</doc>
<status status="PASS" starttime="20230412 11:37:23.885" endtime="20230412 11:37:23.895"/>
</kw>
<kw name="Page Should Contain Element" library="SeleniumLibrary">
<arg>${locator}</arg>
<doc>Verifies that element ``locator`` is found on the current page.</doc>
<msg timestamp="20230412 11:37:23.900" level="INFO">Current page contains element '//div[contains(text(),'Rib snap infant onesie for the junior automation e')]'.</msg>
<status status="PASS" starttime="20230412 11:37:23.896" endtime="20230412 11:37:23.900"/>
</kw>
<kw name="Wait Until Page Contains Element" library="SeleniumLibrary">
<arg>${locator}</arg>
<doc>Waits until the element ``locator`` appears on the current page.</doc>
<status status="PASS" starttime="20230412 11:37:23.900" endtime="20230412 11:37:23.905"/>
</kw>
<status status="PASS" starttime="20230412 11:37:23.872" endtime="20230412 11:37:23.905"/>
</kw>
<kw name="Verify elements is visible and displayed" library="CommonKeywords">
<arg>${Home page}[ProductRedTshirtDescription]</arg>
<doc>Keyword to verify locator is enabled and visibled on a page.</doc>
<kw name="Wait Until Element Is Enabled" library="SeleniumLibrary">
<arg>${locator}</arg>
<arg>timeout=30</arg>
<doc>Waits until the element ``locator`` is enabled.</doc>
<status status="PASS" starttime="20230412 11:37:23.905" endtime="20230412 11:37:23.924"/>
</kw>
<kw name="Wait Until Element Is Visible" library="SeleniumLibrary">
<arg>${locator}</arg>
<arg>timeout=30</arg>
<doc>Waits until the element ``locator`` is visible.</doc>
<status status="PASS" starttime="20230412 11:37:23.924" endtime="20230412 11:37:23.934"/>
</kw>
<kw name="Page Should Contain Element" library="SeleniumLibrary">
<arg>${locator}</arg>
<doc>Verifies that element ``locator`` is found on the current page.</doc>
<msg timestamp="20230412 11:37:23.938" level="INFO">Current page contains element '//div[normalize-space()='This classic Sauce Labs t-shirt is perfect to wear when cozying up to your keyboard to automate a few tests. Super-soft and comfy ringspun combed cotton.']'.</msg>
<status status="PASS" starttime="20230412 11:37:23.934" endtime="20230412 11:37:23.938"/>
</kw>
<kw name="Wait Until Page Contains Element" library="SeleniumLibrary">
<arg>${locator}</arg>
<doc>Waits until the element ``locator`` appears on the current page.</doc>
<status status="PASS" starttime="20230412 11:37:23.939" endtime="20230412 11:37:23.943"/>
</kw>
<status status="PASS" starttime="20230412 11:37:23.905" endtime="20230412 11:37:23.943"/>
</kw>
<status status="PASS" starttime="20230412 11:37:23.256" endtime="20230412 11:37:23.943"/>
</kw>
<kw name="Add bikelight to cart" library="CartPageKeywords">
<kw name="Click Element" library="SeleniumLibrary">
<arg>${Home page}[AddToCartButtonForBikeLight]</arg>
<doc>Click the element identified by ``locator``.</doc>
<msg timestamp="20230412 11:37:23.944" level="INFO">Clicking element '//button[@id='add-to-cart-sauce-labs-bike-light']'.</msg>
<status status="PASS" starttime="20230412 11:37:23.944" endtime="20230412 11:37:23.970"/>
</kw>
<status status="PASS" starttime="20230412 11:37:23.944" endtime="20230412 11:37:23.970"/>
</kw>
<kw name="Remove bikelight from cart" library="CartPageKeywords">
<kw name="Click Element" library="SeleniumLibrary">
<arg>${Home page}[RemoveBikelight]</arg>
<doc>Click the element identified by ``locator``.</doc>
<msg timestamp="20230412 11:37:23.972" level="INFO">Clicking element '//button[@id='remove-sauce-labs-bike-light']'.</msg>
<status status="PASS" starttime="20230412 11:37:23.972" endtime="20230412 11:37:24.009"/>
</kw>
<status status="PASS" starttime="20230412 11:37:23.970" endtime="20230412 11:37:24.009"/>
</kw>
<kw name="Verify the removed product is not available in cart" library="CartPageKeywords">
<kw name="Click Element" library="SeleniumLibrary">
<arg>${Home page}[Cart icon]</arg>
<doc>Click the element identified by ``locator``.</doc>
<msg timestamp="20230412 11:37:24.011" level="INFO">Clicking element '//a[@class='shopping_cart_link']'.</msg>
<status status="PASS" starttime="20230412 11:37:24.011" endtime="20230412 11:37:24.055"/>
</kw>
<kw name="Page Should Not Contain" library="SeleniumLibrary">
<arg>Sauce Labs Bike Light</arg>
<doc>Verifies the current page does not contain ``text``.</doc>
<msg timestamp="20230412 11:37:24.077" level="INFO">Current page does not contain text 'Sauce Labs Bike Light'.</msg>
<status status="PASS" starttime="20230412 11:37:24.055" endtime="20230412 11:37:24.077"/>
</kw>
<status status="PASS" starttime="20230412 11:37:24.011" endtime="20230412 11:37:24.077"/>
</kw>
<kw name="Close Browser Window" library="CommonKeywords" type="TEARDOWN">
<kw name="Close Browser" library="SeleniumLibrary">
<doc>Closes the current browser.</doc>
<status status="PASS" starttime="20230412 11:37:24.078" endtime="20230412 11:37:26.637"/>
</kw>
<kw name="Log To Console" library="BuiltIn">
<arg>Test Completed</arg>
<doc>Logs the given message to the console.</doc>
<status status="PASS" starttime="20230412 11:37:26.637" endtime="20230412 11:37:26.639"/>
</kw>
<status status="PASS" starttime="20230412 11:37:24.078" endtime="20230412 11:37:26.639"/>
</kw>
<status status="PASS" starttime="20230412 11:37:19.055" endtime="20230412 11:37:26.640"/>
</test>
<status status="PASS" starttime="20230412 11:37:19.036" endtime="20230412 11:37:26.642"/>
</suite>
<suite id="s1-s5" name="TC-5 Proceed Shipping" source="D:\Robot Framework\Web\testcases\TC-5_Proceed_Shipping.robot">
<test id="s1-s5-t1" name="Checkout" line="13">
<kw name="Open Browser And Maximize" library="CommonKeywords" type="SETUP">
<doc>Go to the URL and maximize the browser window.</doc>
<kw name="Open Browser" library="SeleniumLibrary">
<arg>${URL}</arg>
<arg>${Browser}</arg>
<doc>Opens a new browser instance to the optional ``url``.</doc>
<msg timestamp="20230412 11:37:26.666" level="INFO">Opening browser 'chrome' to base url 'https://www.saucedemo.com/'.</msg>
<status status="PASS" starttime="20230412 11:37:26.665" endtime="20230412 11:37:28.430"/>
</kw>
<kw name="Maximize Browser Window" library="SeleniumLibrary">
<doc>Maximizes current browser window.</doc>
<status status="PASS" starttime="20230412 11:37:28.430" endtime="20230412 11:37:28.554"/>
</kw>
<kw name="Sleep" library="BuiltIn">
<arg>2s</arg>
<doc>Pauses the test executed for the given time.</doc>
<msg timestamp="20230412 11:37:30.564" level="INFO">Slept 2 seconds</msg>
<status status="PASS" starttime="20230412 11:37:28.554" endtime="20230412 11:37:30.564"/>
</kw>
<status status="PASS" starttime="20230412 11:37:26.665" endtime="20230412 11:37:30.564"/>
</kw>
<kw name="Enter login credentials and click on login button" library="LoginPageKeywords">
<kw name="Input Text" library="SeleniumLibrary">
<arg>${Login page}[UserNamefield]</arg>
<arg>${TestDatas}[Username]</arg>
<doc>Types the given ``text`` into the text field identified by ``locator``.</doc>
<msg timestamp="20230412 11:37:30.566" level="INFO">Typing text 'standard_user' into text field '//input[@id='user-name']'.</msg>
<status status="PASS" starttime="20230412 11:37:30.565" endtime="20230412 11:37:30.661"/>
</kw>
<kw name="Input Text" library="SeleniumLibrary">
<arg>${Login page}[Passwordfield]</arg>
<arg>${TestDatas}[Password]</arg>
<doc>Types the given ``text`` into the text field identified by ``locator``.</doc>
<msg timestamp="20230412 11:37:30.662" level="INFO">Typing text 'secret_sauce' into text field '//input[@id='password']'.</msg>
<status status="PASS" starttime="20230412 11:37:30.661" endtime="20230412 11:37:30.732"/>
</kw>
<kw name="Click Button" library="SeleniumLibrary">
<arg>${Login page}[LoginButton]</arg>
<doc>Clicks the button identified by ``locator``.</doc>
<msg timestamp="20230412 11:37:30.733" level="INFO">Clicking button '//input[@id='login-button']'.</msg>
<status status="PASS" starttime="20230412 11:37:30.732" endtime="20230412 11:37:30.814"/>
</kw>
<kw name="Log To Console" library="BuiltIn">
<arg>Entered the login credentials and clicked the login button.</arg>
<doc>Logs the given message to the console.</doc>
<status status="PASS" starttime="20230412 11:37:30.814" endtime="20230412 11:37:30.814"/>
</kw>
<status status="PASS" starttime="20230412 11:37:30.564" endtime="20230412 11:37:30.814"/>
</kw>
<kw name="Add Bag to cart" library="CartPageKeywords">
<kw name="Click Element" library="SeleniumLibrary">
<arg>${Home page}[AddToCartButtonForbag]</arg>
<doc>Click the element identified by ``locator``.</doc>
<msg timestamp="20230412 11:37:30.816" level="INFO">Clicking element '//button[@id='add-to-cart-sauce-labs-backpack']'.</msg>
<status status="PASS" starttime="20230412 11:37:30.815" endtime="20230412 11:37:30.863"/>
</kw>
<status status="PASS" starttime="20230412 11:37:30.815" endtime="20230412 11:37:30.863"/>
</kw>
<kw name="Verify the Added product is available in cart" library="CartPageKeywords">
<kw name="Click Element" library="SeleniumLibrary">
<arg>${Home page}[Cart icon]</arg>
<doc>Click the element identified by ``locator``.</doc>
<msg timestamp="20230412 11:37:30.865" level="INFO">Clicking element '//a[@class='shopping_cart_link']'.</msg>
<status status="PASS" starttime="20230412 11:37:30.864" endtime="20230412 11:37:30.933"/>
</kw>
<kw name="Page Should Contain" library="SeleniumLibrary">
<arg>Sauce Labs Backpack</arg>
<doc>Verifies that current page contains ``text``.</doc>
<msg timestamp="20230412 11:37:30.946" level="INFO">Current page contains text 'Sauce Labs Backpack'.</msg>
<status status="PASS" starttime="20230412 11:37:30.933" endtime="20230412 11:37:30.946"/>
</kw>
<status status="PASS" starttime="20230412 11:37:30.864" endtime="20230412 11:37:30.946"/>
</kw>
<kw name="Click on checkout Button" library="CartPageKeywords">
<kw name="Verify elements is visible and displayed" library="CommonKeywords">
<arg>${CartPage}[checkoutButton]</arg>
<doc>Keyword to verify locator is enabled and visibled on a page.</doc>
<kw name="Wait Until Element Is Enabled" library="SeleniumLibrary">
<arg>${locator}</arg>
<arg>timeout=30</arg>
<doc>Waits until the element ``locator`` is enabled.</doc>
<status status="PASS" starttime="20230412 11:37:30.948" endtime="20230412 11:37:30.974"/>
</kw>
<kw name="Wait Until Element Is Visible" library="SeleniumLibrary">
<arg>${locator}</arg>
<arg>timeout=30</arg>
<doc>Waits until the element ``locator`` is visible.</doc>
<status status="PASS" starttime="20230412 11:37:30.974" endtime="20230412 11:37:30.988"/>
</kw>
<kw name="Page Should Contain Element" library="SeleniumLibrary">
<arg>${locator}</arg>
<doc>Verifies that element ``locator`` is found on the current page.</doc>
<msg timestamp="20230412 11:37:30.993" level="INFO">Current page contains element '//button[@id='checkout']'.</msg>
<status status="PASS" starttime="20230412 11:37:30.988" endtime="20230412 11:37:30.993"/>
</kw>
<kw name="Wait Until Page Contains Element" library="SeleniumLibrary">
<arg>${locator}</arg>
<doc>Waits until the element ``locator`` appears on the current page.</doc>
<status status="PASS" starttime="20230412 11:37:30.993" endtime="20230412 11:37:30.999"/>
</kw>
<status status="PASS" starttime="20230412 11:37:30.947" endtime="20230412 11:37:30.999"/>
</kw>
<kw name="Click Element" library="SeleniumLibrary">
<arg>${CartPage}[checkoutButton]</arg>
<doc>Click the element identified by ``locator``.</doc>
<msg timestamp="20230412 11:37:31.000" level="INFO">Clicking element '//button[@id='checkout']'.</msg>
<status status="PASS" starttime="20230412 11:37:30.999" endtime="20230412 11:37:31.030"/>
</kw>
<status status="PASS" starttime="20230412 11:37:30.947" endtime="20230412 11:37:31.030"/>
</kw>
<kw name="Verify the elements in shipment page" library="ShipmentPageKeywords">
<kw name="Verify elements is visible and displayed" library="CommonKeywords">
<arg>${ShippingAddressPage}[first_name]</arg>
<doc>Keyword to verify locator is enabled and visibled on a page.</doc>
<kw name="Wait Until Element Is Enabled" library="SeleniumLibrary">
<arg>${locator}</arg>
<arg>timeout=30</arg>
<doc>Waits until the element ``locator`` is enabled.</doc>
<status status="PASS" starttime="20230412 11:37:31.031" endtime="20230412 11:37:31.054"/>
</kw>
<kw name="Wait Until Element Is Visible" library="SeleniumLibrary">
<arg>${locator}</arg>
<arg>timeout=30</arg>
<doc>Waits until the element ``locator`` is visible.</doc>
<status status="PASS" starttime="20230412 11:37:31.054" endtime="20230412 11:37:31.069"/>
</kw>
<kw name="Page Should Contain Element" library="SeleniumLibrary">
<arg>${locator}</arg>
<doc>Verifies that element ``locator`` is found on the current page.</doc>
<msg timestamp="20230412 11:37:31.074" level="INFO">Current page contains element '//input[@id='first-name']'.</msg>
<status status="PASS" starttime="20230412 11:37:31.069" endtime="20230412 11:37:31.074"/>
</kw>
<kw name="Wait Until Page Contains Element" library="SeleniumLibrary">
<arg>${locator}</arg>
<doc>Waits until the element ``locator`` appears on the current page.</doc>
<status status="PASS" starttime="20230412 11:37:31.074" endtime="20230412 11:37:31.078"/>
</kw>
<status status="PASS" starttime="20230412 11:37:31.031" endtime="20230412 11:37:31.078"/>
</kw>
<kw name="Verify elements is visible and displayed" library="CommonKeywords">
<arg>${ShippingAddressPage}[last_name]</arg>
<doc>Keyword to verify locator is enabled and visibled on a page.</doc>
<kw name="Wait Until Element Is Enabled" library="SeleniumLibrary">
<arg>${locator}</arg>
<arg>timeout=30</arg>
<doc>Waits until the element ``locator`` is enabled.</doc>
<status status="PASS" starttime="20230412 11:37:31.079" endtime="20230412 11:37:31.099"/>
</kw>
<kw name="Wait Until Element Is Visible" library="SeleniumLibrary">
<arg>${locator}</arg>
<arg>timeout=30</arg>
<doc>Waits until the element ``locator`` is visible.</doc>
<status status="PASS" starttime="20230412 11:37:31.099" endtime="20230412 11:37:31.110"/>
</kw>
<kw name="Page Should Contain Element" library="SeleniumLibrary">
<arg>${locator}</arg>
<doc>Verifies that element ``locator`` is found on the current page.</doc>
<msg timestamp="20230412 11:37:31.115" level="INFO">Current page contains element '//input[@id='last-name']'.</msg>
<status status="PASS" starttime="20230412 11:37:31.110" endtime="20230412 11:37:31.115"/>
</kw>
<kw name="Wait Until Page Contains Element" library="SeleniumLibrary">
<arg>${locator}</arg>
<doc>Waits until the element ``locator`` appears on the current page.</doc>
<status status="PASS" starttime="20230412 11:37:31.115" endtime="20230412 11:37:31.120"/>
</kw>
<status status="PASS" starttime="20230412 11:37:31.078" endtime="20230412 11:37:31.120"/>
</kw>
<kw name="Verify elements is visible and displayed" library="CommonKeywords">
<arg>${ShippingAddressPage}[postalcode]</arg>
<doc>Keyword to verify locator is enabled and visibled on a page.</doc>
<kw name="Wait Until Element Is Enabled" library="SeleniumLibrary">
<arg>${locator}</arg>
<arg>timeout=30</arg>
<doc>Waits until the element ``locator`` is enabled.</doc>
<status status="PASS" starttime="20230412 11:37:31.121" endtime="20230412 11:37:31.143"/>
</kw>
<kw name="Wait Until Element Is Visible" library="SeleniumLibrary">
<arg>${locator}</arg>
<arg>timeout=30</arg>
<doc>Waits until the element ``locator`` is visible.</doc>
<status status="PASS" starttime="20230412 11:37:31.143" endtime="20230412 11:37:31.154"/>
</kw>
<kw name="Page Should Contain Element" library="SeleniumLibrary">
<arg>${locator}</arg>
<doc>Verifies that element ``locator`` is found on the current page.</doc>
<msg timestamp="20230412 11:37:31.159" level="INFO">Current page contains element '//input[@id='postal-code']'.</msg>
<status status="PASS" starttime="20230412 11:37:31.154" endtime="20230412 11:37:31.159"/>
</kw>
<kw name="Wait Until Page Contains Element" library="SeleniumLibrary">
<arg>${locator}</arg>
<doc>Waits until the element ``locator`` appears on the current page.</doc>
<status status="PASS" starttime="20230412 11:37:31.159" endtime="20230412 11:37:31.164"/>
</kw>
<status status="PASS" starttime="20230412 11:37:31.120" endtime="20230412 11:37:31.164"/>
</kw>
<kw name="Page Should Contain Button" library="SeleniumLibrary">
<arg>${ShippingAddressPage}[CancelButton]</arg>
<doc>Verifies button ``locator`` is found from current page.</doc>
<msg timestamp="20230412 11:37:31.183" level="INFO">Current page contains button '//button[@id='cancel']'.</msg>
<status status="PASS" starttime="20230412 11:37:31.164" endtime="20230412 11:37:31.183"/>
</kw>
<kw name="Page Should Contain Button" library="SeleniumLibrary">
<arg>${ShippingAddressPage}[ContinueButton]</arg>
<doc>Verifies button ``locator`` is found from current page.</doc>
<msg timestamp="20230412 11:37:31.193" level="INFO">Current page contains input '//input[@id='continue']'.</msg>
<status status="PASS" starttime="20230412 11:37:31.183" endtime="20230412 11:37:31.193"/>
</kw>
<status status="PASS" starttime="20230412 11:37:31.031" endtime="20230412 11:37:31.193"/>
</kw>
<kw name="Enter shipping address in shipment page" library="ShipmentPageKeywords">
<kw name="Input Text" library="SeleniumLibrary">
<arg>${ShippingAddressPage}[first_name]</arg>
<arg>${TestDatas}[first_name]</arg>
<doc>Types the given ``text`` into the text field identified by ``locator``.</doc>
<msg timestamp="20230412 11:37:31.194" level="INFO">Typing text 'John' into text field '//input[@id='first-name']'.</msg>
<status status="PASS" starttime="20230412 11:37:31.194" endtime="20230412 11:37:31.258"/>
</kw>
<kw name="Input Text" library="SeleniumLibrary">
<arg>${ShippingAddressPage}[last_name]</arg>
<arg>${TestDatas}[last_name]</arg>
<doc>Types the given ``text`` into the text field identified by ``locator``.</doc>
<msg timestamp="20230412 11:37:31.260" level="INFO">Typing text 'Doe' into text field '//input[@id='last-name']'.</msg>
<status status="PASS" starttime="20230412 11:37:31.258" endtime="20230412 11:37:31.320"/>
</kw>
<kw name="Input Text" library="SeleniumLibrary">
<arg>${ShippingAddressPage}[postalcode]</arg>
<arg>${TestDatas}[postal_code]</arg>
<doc>Types the given ``text`` into the text field identified by ``locator``.</doc>
<msg timestamp="20230412 11:37:31.321" level="INFO">Typing text '688001' into text field '//input[@id='postal-code']'.</msg>
<status status="PASS" starttime="20230412 11:37:31.320" endtime="20230412 11:37:31.386"/>
</kw>
<status status="PASS" starttime="20230412 11:37:31.193" endtime="20230412 11:37:31.386"/>
</kw>
<kw name="Click on continue button" library="ShipmentPageKeywords">
<kw name="Verify elements is visible and displayed" library="CommonKeywords">
<arg>${ShippingAddressPage}[ContinueButton]</arg>
<doc>Keyword to verify locator is enabled and visibled on a page.</doc>
<kw name="Wait Until Element Is Enabled" library="SeleniumLibrary">
<arg>${locator}</arg>
<arg>timeout=30</arg>
<doc>Waits until the element ``locator`` is enabled.</doc>
<status status="PASS" starttime="20230412 11:37:31.388" endtime="20230412 11:37:31.405"/>
</kw>
<kw name="Wait Until Element Is Visible" library="SeleniumLibrary">
<arg>${locator}</arg>
<arg>timeout=30</arg>
<doc>Waits until the element ``locator`` is visible.</doc>
<status status="PASS" starttime="20230412 11:37:31.405" endtime="20230412 11:37:31.416"/>
</kw>
<kw name="Page Should Contain Element" library="SeleniumLibrary">
<arg>${locator}</arg>
<doc>Verifies that element ``locator`` is found on the current page.</doc>
<msg timestamp="20230412 11:37:31.420" level="INFO">Current page contains element '//input[@id='continue']'.</msg>
<status status="PASS" starttime="20230412 11:37:31.416" endtime="20230412 11:37:31.420"/>
</kw>
<kw name="Wait Until Page Contains Element" library="SeleniumLibrary">
<arg>${locator}</arg>
<doc>Waits until the element ``locator`` appears on the current page.</doc>
<status status="PASS" starttime="20230412 11:37:31.421" endtime="20230412 11:37:31.425"/>
</kw>
<status status="PASS" starttime="20230412 11:37:31.387" endtime="20230412 11:37:31.425"/>
</kw>
<kw name="Click Element" library="SeleniumLibrary">
<arg>${ShippingAddressPage}[ContinueButton]</arg>
<doc>Click the element identified by ``locator``.</doc>
<msg timestamp="20230412 11:37:31.425" level="INFO">Clicking element '//input[@id='continue']'.</msg>
<status status="PASS" starttime="20230412 11:37:31.425" endtime="20230412 11:37:31.466"/>
</kw>
<status status="PASS" starttime="20230412 11:37:31.387" endtime="20230412 11:37:31.466"/>
</kw>
<kw name="Click on finish button" library="ShipmentPageKeywords">
<kw name="Wait Until Page Contains Element" library="SeleniumLibrary">
<arg>${ShippingConfirmPage}[PageTitle]</arg>
<doc>Waits until the element ``locator`` appears on the current page.</doc>
<status status="PASS" starttime="20230412 11:37:31.466" endtime="20230412 11:37:31.475"/>
</kw>
<kw name="Scroll Element Into View" library="SeleniumLibrary">
<arg>${ShippingConfirmPage}[Footer]</arg>
<doc>Scrolls the element identified by ``locator`` into view.</doc>
<status status="PASS" starttime="20230412 11:37:31.475" endtime="20230412 11:37:31.757"/>
</kw>
<kw name="Sleep" library="BuiltIn">
<arg>30s</arg>
<doc>Pauses the test executed for the given time.</doc>
<msg timestamp="20230412 11:38:01.773" level="INFO">Slept 30 seconds</msg>
<status status="PASS" starttime="20230412 11:37:31.757" endtime="20230412 11:38:01.773"/>
</kw>
<kw name="Click Element" library="SeleniumLibrary">
<arg>${ShippingConfirmPage}[FinishButton]</arg>
<doc>Click the element identified by ``locator``.</doc>
<msg timestamp="20230412 11:38:01.773" level="INFO">Clicking element '//*[@id='finish']'.</msg>
<status status="PASS" starttime="20230412 11:38:01.773" endtime="20230412 11:38:01.805"/>
</kw>
<status status="PASS" starttime="20230412 11:37:31.466" endtime="20230412 11:38:01.806"/>
</kw>
<kw name="Close Browser Window" library="CommonKeywords" type="TEARDOWN">
<kw name="Close Browser" library="SeleniumLibrary">
<doc>Closes the current browser.</doc>
<status status="PASS" starttime="20230412 11:38:01.807" endtime="20230412 11:38:04.414"/>
</kw>
<kw name="Log To Console" library="BuiltIn">
<arg>Test Completed</arg>
<doc>Logs the given message to the console.</doc>
<status status="PASS" starttime="20230412 11:38:04.414" endtime="20230412 11:38:04.415"/>
</kw>
<status status="PASS" starttime="20230412 11:38:01.807" endtime="20230412 11:38:04.415"/>
</kw>
<status status="PASS" starttime="20230412 11:37:26.665" endtime="20230412 11:38:04.415"/>
</test>
<status status="PASS" starttime="20230412 11:37:26.644" endtime="20230412 11:38:04.416"/>
</suite>
<suite id="s1-s6" name="TC-6 Cancel Shipment" source="D:\Robot Framework\Web\testcases\TC-6_Cancel_Shipment.robot">
<test id="s1-s6-t1" name="Cancel shopping in shipping address page" line="14">
<kw name="Open Browser And Maximize" library="CommonKeywords" type="SETUP">
<doc>Go to the URL and maximize the browser window.</doc>
<kw name="Open Browser" library="SeleniumLibrary">
<arg>${URL}</arg>
<arg>${Browser}</arg>
<doc>Opens a new browser instance to the optional ``url``.</doc>
<msg timestamp="20230412 11:38:04.447" level="INFO">Opening browser 'chrome' to base url 'https://www.saucedemo.com/'.</msg>
<status status="PASS" starttime="20230412 11:38:04.446" endtime="20230412 11:38:06.254"/>
</kw>
<kw name="Maximize Browser Window" library="SeleniumLibrary">
<doc>Maximizes current browser window.</doc>
<status status="PASS" starttime="20230412 11:38:06.254" endtime="20230412 11:38:06.373"/>
</kw>
<kw name="Sleep" library="BuiltIn">
<arg>2s</arg>
<doc>Pauses the test executed for the given time.</doc>
<msg timestamp="20230412 11:38:08.375" level="INFO">Slept 2 seconds</msg>
<status status="PASS" starttime="20230412 11:38:06.373" endtime="20230412 11:38:08.375"/>
</kw>
<status status="PASS" starttime="20230412 11:38:04.446" endtime="20230412 11:38:08.375"/>
</kw>
<kw name="Enter login credentials and click on login button" library="LoginPageKeywords">
<kw name="Input Text" library="SeleniumLibrary">
<arg>${Login page}[UserNamefield]</arg>
<arg>${TestDatas}[Username]</arg>
<doc>Types the given ``text`` into the text field identified by ``locator``.</doc>
<msg timestamp="20230412 11:38:08.377" level="INFO">Typing text 'standard_user' into text field '//input[@id='user-name']'.</msg>
<status status="PASS" starttime="20230412 11:38:08.376" endtime="20230412 11:38:08.461"/>
</kw>
<kw name="Input Text" library="SeleniumLibrary">
<arg>${Login page}[Passwordfield]</arg>
<arg>${TestDatas}[Password]</arg>
<doc>Types the given ``text`` into the text field identified by ``locator``.</doc>
<msg timestamp="20230412 11:38:08.462" level="INFO">Typing text 'secret_sauce' into text field '//input[@id='password']'.</msg>
<status status="PASS" starttime="20230412 11:38:08.461" endtime="20230412 11:38:08.537"/>
</kw>
<kw name="Click Button" library="SeleniumLibrary">
<arg>${Login page}[LoginButton]</arg>
<doc>Clicks the button identified by ``locator``.</doc>
<msg timestamp="20230412 11:38:08.538" level="INFO">Clicking button '//input[@id='login-button']'.</msg>
<status status="PASS" starttime="20230412 11:38:08.537" endtime="20230412 11:38:08.621"/>
</kw>
<kw name="Log To Console" library="BuiltIn">
<arg>Entered the login credentials and clicked the login button.</arg>
<doc>Logs the given message to the console.</doc>
<status status="PASS" starttime="20230412 11:38:08.621" endtime="20230412 11:38:08.622"/>
</kw>
<status status="PASS" starttime="20230412 11:38:08.376" endtime="20230412 11:38:08.622"/>
</kw>
<kw name="Add Bag to cart" library="CartPageKeywords">
<kw name="Click Element" library="SeleniumLibrary">
<arg>${Home page}[AddToCartButtonForbag]</arg>
<doc>Click the element identified by ``locator``.</doc>
<msg timestamp="20230412 11:38:08.623" level="INFO">Clicking element '//button[@id='add-to-cart-sauce-labs-backpack']'.</msg>
<status status="PASS" starttime="20230412 11:38:08.623" endtime="20230412 11:38:08.677"/>
</kw>
<status status="PASS" starttime="20230412 11:38:08.623" endtime="20230412 11:38:08.677"/>
</kw>
<kw name="Verify the Added product is available in cart" library="CartPageKeywords">
<kw name="Click Element" library="SeleniumLibrary">
<arg>${Home page}[Cart icon]</arg>
<doc>Click the element identified by ``locator``.</doc>
<msg timestamp="20230412 11:38:08.678" level="INFO">Clicking element '//a[@class='shopping_cart_link']'.</msg>
<status status="PASS" starttime="20230412 11:38:08.678" endtime="20230412 11:38:08.725"/>
</kw>
<kw name="Page Should Contain" library="SeleniumLibrary">
<arg>Sauce Labs Backpack</arg>
<doc>Verifies that current page contains ``text``.</doc>
<msg timestamp="20230412 11:38:08.737" level="INFO">Current page contains text 'Sauce Labs Backpack'.</msg>
<status status="PASS" starttime="20230412 11:38:08.725" endtime="20230412 11:38:08.737"/>
</kw>
<status status="PASS" starttime="20230412 11:38:08.678" endtime="20230412 11:38:08.737"/>
</kw>
<kw name="Click on checkout Button" library="CartPageKeywords">
<kw name="Verify elements is visible and displayed" library="CommonKeywords">
<arg>${CartPage}[checkoutButton]</arg>
<doc>Keyword to verify locator is enabled and visibled on a page.</doc>
<kw name="Wait Until Element Is Enabled" library="SeleniumLibrary">
<arg>${locator}</arg>
<arg>timeout=30</arg>
<doc>Waits until the element ``locator`` is enabled.</doc>
<status status="PASS" starttime="20230412 11:38:08.738" endtime="20230412 11:38:08.763"/>
</kw>
<kw name="Wait Until Element Is Visible" library="SeleniumLibrary">
<arg>${locator}</arg>
<arg>timeout=30</arg>
<doc>Waits until the element ``locator`` is visible.</doc>
<status status="PASS" starttime="20230412 11:38:08.763" endtime="20230412 11:38:08.776"/>
</kw>
<kw name="Page Should Contain Element" library="SeleniumLibrary">
<arg>${locator}</arg>
<doc>Verifies that element ``locator`` is found on the current page.</doc>
<msg timestamp="20230412 11:38:08.783" level="INFO">Current page contains element '//button[@id='checkout']'.</msg>
<status status="PASS" starttime="20230412 11:38:08.777" endtime="20230412 11:38:08.783"/>
</kw>
<kw name="Wait Until Page Contains Element" library="SeleniumLibrary">
<arg>${locator}</arg>
<doc>Waits until the element ``locator`` appears on the current page.</doc>
<status status="PASS" starttime="20230412 11:38:08.783" endtime="20230412 11:38:08.787"/>
</kw>
<status status="PASS" starttime="20230412 11:38:08.738" endtime="20230412 11:38:08.787"/>
</kw>
<kw name="Click Element" library="SeleniumLibrary">
<arg>${CartPage}[checkoutButton]</arg>
<doc>Click the element identified by ``locator``.</doc>
<msg timestamp="20230412 11:38:08.788" level="INFO">Clicking element '//button[@id='checkout']'.</msg>
<status status="PASS" starttime="20230412 11:38:08.787" endtime="20230412 11:38:08.819"/>
</kw>
<status status="PASS" starttime="20230412 11:38:08.738" endtime="20230412 11:38:08.819"/>
</kw>
<kw name="Enter shipping address in shipment page" library="ShipmentPageKeywords">
<kw name="Input Text" library="SeleniumLibrary">
<arg>${ShippingAddressPage}[first_name]</arg>
<arg>${TestDatas}[first_name]</arg>
<doc>Types the given ``text`` into the text field identified by ``locator``.</doc>
<msg timestamp="20230412 11:38:08.820" level="INFO">Typing text 'John' into text field '//input[@id='first-name']'.</msg>
<status status="PASS" starttime="20230412 11:38:08.820" endtime="20230412 11:38:08.891"/>
</kw>
<kw name="Input Text" library="SeleniumLibrary">
<arg>${ShippingAddressPage}[last_name]</arg>
<arg>${TestDatas}[last_name]</arg>
<doc>Types the given ``text`` into the text field identified by ``locator``.</doc>
<msg timestamp="20230412 11:38:08.892" level="INFO">Typing text 'Doe' into text field '//input[@id='last-name']'.</msg>
<status status="PASS" starttime="20230412 11:38:08.891" endtime="20230412 11:38:08.963"/>
</kw>
<kw name="Input Text" library="SeleniumLibrary">
<arg>${ShippingAddressPage}[postalcode]</arg>
<arg>${TestDatas}[postal_code]</arg>
<doc>Types the given ``text`` into the text field identified by ``locator``.</doc>
<msg timestamp="20230412 11:38:08.964" level="INFO">Typing text '688001' into text field '//input[@id='postal-code']'.</msg>
<status status="PASS" starttime="20230412 11:38:08.964" endtime="20230412 11:38:09.051"/>
</kw>
<status status="PASS" starttime="20230412 11:38:08.819" endtime="20230412 11:38:09.051"/>
</kw>
<kw name="Click on cancel button to cancel shopping" library="ShipmentPageKeywords">
<kw name="Verify elements is visible and displayed" library="CommonKeywords">
<arg>${ShippingAddressPage}[CancelButton]</arg>
<doc>Keyword to verify locator is enabled and visibled on a page.</doc>
<kw name="Wait Until Element Is Enabled" library="SeleniumLibrary">
<arg>${locator}</arg>
<arg>timeout=30</arg>
<doc>Waits until the element ``locator`` is enabled.</doc>
<status status="PASS" starttime="20230412 11:38:09.053" endtime="20230412 11:38:09.079"/>
</kw>
<kw name="Wait Until Element Is Visible" library="SeleniumLibrary">
<arg>${locator}</arg>
<arg>timeout=30</arg>
<doc>Waits until the element ``locator`` is visible.</doc>
<status status="PASS" starttime="20230412 11:38:09.079" endtime="20230412 11:38:09.093"/>
</kw>
<kw name="Page Should Contain Element" library="SeleniumLibrary">
<arg>${locator}</arg>
<doc>Verifies that element ``locator`` is found on the current page.</doc>
<msg timestamp="20230412 11:38:09.099" level="INFO">Current page contains element '//button[@id='cancel']'.</msg>
<status status="PASS" starttime="20230412 11:38:09.093" endtime="20230412 11:38:09.099"/>
</kw>
<kw name="Wait Until Page Contains Element" library="SeleniumLibrary">
<arg>${locator}</arg>
<doc>Waits until the element ``locator`` appears on the current page.</doc>
<status status="PASS" starttime="20230412 11:38:09.099" endtime="20230412 11:38:09.104"/>
</kw>
<status status="PASS" starttime="20230412 11:38:09.052" endtime="20230412 11:38:09.104"/>
</kw>
<kw name="Click Element" library="SeleniumLibrary">
<arg>${ShippingAddressPage}[CancelButton]</arg>
<doc>Click the element identified by ``locator``.</doc>
<msg timestamp="20230412 11:38:09.104" level="INFO">Clicking element '//button[@id='cancel']'.</msg>
<status status="PASS" starttime="20230412 11:38:09.104" endtime="20230412 11:38:09.139"/>
</kw>
<status status="PASS" starttime="20230412 11:38:09.052" endtime="20230412 11:38:09.139"/>
</kw>
<kw name="Close Browser Window" library="CommonKeywords" type="TEARDOWN">
<kw name="Close Browser" library="SeleniumLibrary">
<doc>Closes the current browser.</doc>
<status status="PASS" starttime="20230412 11:38:09.142" endtime="20230412 11:38:11.736"/>
</kw>
<kw name="Log To Console" library="BuiltIn">
<arg>Test Completed</arg>
<doc>Logs the given message to the console.</doc>
<status status="PASS" starttime="20230412 11:38:11.736" endtime="20230412 11:38:11.737"/>
</kw>
<status status="PASS" starttime="20230412 11:38:09.141" endtime="20230412 11:38:11.738"/>
</kw>
<status status="PASS" starttime="20230412 11:38:04.446" endtime="20230412 11:38:11.738"/>
</test>
<status status="PASS" starttime="20230412 11:38:04.418" endtime="20230412 11:38:11.741"/>
</suite>
<status status="PASS" starttime="20230412 11:36:54.768" endtime="20230412 11:38:11.745"/>
</suite>
<statistics>
<total>
<stat pass="6" fail="0" skip="0">All Tests</stat>
</total>
<tag>
</tag>
<suite>
<stat pass="6" fail="0" skip="0" id="s1" name="Testcases">Testcases</stat>
<stat pass="1" fail="0" skip="0" id="s1-s1" name="TC-1 Login Page">Testcases.TC-1 Login Page</stat>
<stat pass="1" fail="0" skip="0" id="s1-s2" name="TC-2 Verify Home Page Elements">Testcases.TC-2 Verify Home Page Elements</stat>
<stat pass="1" fail="0" skip="0" id="s1-s3" name="TC-3 Add To Cart And Verify">Testcases.TC-3 Add To Cart And Verify</stat>
<stat pass="1" fail="0" skip="0" id="s1-s4" name="TC-4 Remove From Cart">Testcases.TC-4 Remove From Cart</stat>
<stat pass="1" fail="0" skip="0" id="s1-s5" name="TC-5 Proceed Shipping">Testcases.TC-5 Proceed Shipping</stat>
<stat pass="1" fail="0" skip="0" id="s1-s6" name="TC-6 Cancel Shipment">Testcases.TC-6 Cancel Shipment</stat>
</suite>
</statistics>
<errors>
</errors>
</robot>
